#98 /home/forge/www.blackholerecordings.com/vendor/laravel/framework/src/Illuminate/Foundation/Http/Middleware/ConvertEmptyStringsToNull.php(31): Illuminate\\Foundation\\Http\\Middleware\\TransformsRequest->handle()
#99 /home/forge/www.blackholerecordings.com/vendor/laravel/framework/src/Illuminate/Pipeline/Pipeline.php(183): Illuminate\\Foundation\\Http\\Middleware\\ConvertEmptyStringsToNull->handle()
#100 /home/forge/www.blackholerecordings.com/vendor/laravel/framework/src/Illuminate/Foundation/Http/Middleware/TransformsRequest.php(21): Illuminate\\Pipeline\\Pipeline->Illuminate\\Pipeline\\{closure}()
#101 /home/forge/www.blackholerecordings.com/vendor/laravel/framework/src/Illuminate/Foundation/Http/Middleware/TrimStrings.php(40): Illuminate\\Foundation\\Http\\Middleware\\TransformsRequest->handle()
#102 /home/forge/www.blackholerecordings.com/vendor/laravel/framework/src/Illuminate/Pipeline/Pipeline.php(183): Illuminate\\Foundation\\Http\\Middleware\\TrimStrings->handle()
#103 /home/forge/www.blackholerecordings.com/vendor/laravel/framework/src/Illuminate/Foundation/Http/Middleware/ValidatePostSize.php(27): Illuminate\\Pipeline\\Pipeline->Illuminate\\Pipeline\\{closure}()
#104 /home/forge/www.blackholerecordings.com/vendor/laravel/framework/src/Illuminate/Pipeline/Pipeline.php(183): Illuminate\\Foundation\\Http\\Middleware\\ValidatePostSize->handle()
#105 /home/forge/www.blackholerecordings.com/vendor/laravel/framework/src/Illuminate/Foundation/Http/Middleware/PreventRequestsDuringMaintenance.php(99): Illuminate\\Pipeline\\Pipeline->Illuminate\\Pipeline\\{closure}()
#106 /home/forge/www.blackholerecordings.com/vendor/laravel/framework/src/Illuminate/Pipeline/Pipeline.php(183): Illuminate\\Foundation\\Http\\Middleware\\PreventRequestsDuringMaintenance->handle()
#107 /home/forge/www.blackholerecordings.com/vendor/laravel/framework/src/Illuminate/Http/Middleware/HandleCors.php(49): Illuminate\\Pipeline\\Pipeline->Illuminate\\Pipeline\\{closure}()
#108 /home/forge/www.blackholerecordings.com/vendor/laravel/framework/src/Illuminate/Pipeline/Pipeline.php(183): Illuminate\\Http\\Middleware\\HandleCors->handle()
#109 /home/forge/www.blackholerecordings.com/vendor/laravel/framework/src/Illuminate/Http/Middleware/TrustProxies.php(39): Illuminate\\Pipeline\\Pipeline->Illuminate\\Pipeline\\{closure}()
#110 /home/forge/www.blackholerecordings.com/vendor/laravel/framework/src/Illuminate/Pipeline/Pipeline.php(183): Illuminate\\Http\\Middleware\\TrustProxies->handle()
#111 /home/forge/www.blackholerecordings.com/vendor/laravel/framework/src/Illuminate/Pipeline/Pipeline.php(119): Illuminate\\Pipeline\\Pipeline->Illuminate\\Pipeline\\{closure}()
#112 /home/forge/www.blackholerecordings.com/vendor/laravel/framework/src/Illuminate/Foundation/Http/Kernel.php(175): Illuminate\\Pipeline\\Pipeline->then()
#113 /home/forge/www.blackholerecordings.com/vendor/laravel/framework/src/Illuminate/Foundation/Http/Kernel.php(144): Illuminate\\Foundation\\Http\\Kernel->sendRequestThroughRouter()
#114 /home/forge/www.blackholerecordings.com/public/index.php(51): Illuminate\\Foundation\\Http\\Kernel->handle()
#115 {main}

[previous exception] [object] (PDOException(code: HY000): SQLSTATE[HY000]: General error: 1 Can't create/write to file '/tmp/MYpVGQEd' (OS errno 24 - Too many open files) at /home/forge/www.blackholerecordings.com/vendor/laravel/framework/src/Illuminate/Database/Connection.php:428)
[stacktrace]
#0 /home/forge/www.blackholerecordings.com/vendor/laravel/framework/src/Illuminate/Database/Connection.php(428): PDOStatement->execute()
#1 /home/forge/www.blackholerecordings.com/vendor/laravel/framework/src/Illuminate/Database/Connection.php(816): Illuminate\\Database\\Connection->Illuminate\\Database\\{closure}()
#2 /home/forge/www.blackholerecordings.com/vendor/laravel/framework/src/Illuminate/Database/Connection.php(783): Illuminate\\Database\\Connection->runQueryCallback()
#3 /home/forge/www.blackholerecordings.com/vendor/laravel/framework/src/Illuminate/Database/Connection.php(414): Illuminate\\Database\\Connection->run()
#4 /home/forge/www.blackholerecordings.com/vendor/laravel/framework/src/Illuminate/Database/Query/Builder.php(2913): Illuminate\\Database\\Connection->select()
#5 /home/forge/www.blackholerecordings.com/vendor/laravel/framework/src/Illuminate/Database/Query/Builder.php(3142): Illuminate\\Database\\Query\\Builder->runSelect()
#6 /home/forge/www.blackholerecordings.com/vendor/laravel/framework/src/Illuminate/Database/Query/Builder.php(3456): Illuminate\\Database\\Query\\Builder->Illuminate\\Database\\Query\\{closure}()
#7 /home/forge/www.blackholerecordings.com/vendor/laravel/framework/src/Illuminate/Database/Query/Builder.php(3138): Illuminate\\Database\\Query\\Builder->onceWithColumns()
#8 /home/forge/www.blackholerecordings.com/vendor/laravel/framework/src/Illuminate/Database/Eloquent/Builder.php(889): Illuminate\\Database\\Query\\Builder->pluck()
#9 /home/forge/www.blackholerecordings.com/vendor/statamic/eloquent-driver/src/Taxonomies/TermQueryBuilder.php(250): Illuminate\\Database\\Eloquent\\Builder->pluck()
#10 /home/forge/www.blackholerecordings.com/vendor/spatie/blink/src/Blink.php(306): Statamic\\Eloquent\\Taxonomies\\TermQueryBuilder->Statamic\\Eloquent\\Taxonomies\\{closure}()
#11 /home/forge/www.blackholerecordings.com/vendor/statamic/cms/src/Support/Blink.php(18): Spatie\\Blink\\Blink->once()
#12 /home/forge/www.blackholerecordings.com/vendor/laravel/framework/src/Illuminate/Support/Facades/Facade.php(355): Statamic\\Support\\Blink->__call()
#13 /home/forge/www.blackholerecordings.com/vendor/statamic/eloquent-driver/src/Taxonomies/TermQueryBuilder.php(222): Illuminate\\Support\\Facades\\Facade::__callStatic()
#14 /home/forge/www.blackholerecordings.com/vendor/laravel/framework/src/Illuminate/Collections/Traits/EnumeratesValues.php(240): Statamic\\Eloquent\\Taxonomies\\TermQueryBuilder->Statamic\\Eloquent\\Taxonomies\\{closure}()
#15 /home/forge/www.blackholerecordings.com/vendor/statamic/eloquent-driver/src/Taxonomies/TermQueryBuilder.php(219): Illuminate\\Support\\Collection->each()
#16 /home/forge/www.blackholerecordings.com/vendor/laravel/framework/src/Illuminate/Database/Eloquent/Builder.php(299): Statamic\\Eloquent\\Taxonomies\\TermQueryBuilder->Statamic\\Eloquent\\Taxonomies\\{closure}()
#17 /home/forge/www.blackholerecordings.com/vendor/statamic/eloquent-driver/src/Taxonomies/TermQueryBuilder.php(214): Illuminate\\Database\\Eloquent\\Builder->where()
#18 /home/forge/www.blackholerecordings.com/vendor/statamic/eloquent-driver/src/Taxonomies/TermQueryBuilder.php(175): Statamic\\Eloquent\\Taxonomies\\TermQueryBuilder->applyCollectionAndTaxonomyWheres()
#19 /home/forge/www.blackholerecordings.com/vendor/statamic/cms/src/Query/OrderedQueryBuilder.php(40): Statamic\\Eloquent\\Taxonomies\\TermQueryBuilder->get()
#20 /home/forge/www.blackholerecordings.com/vendor/statamic/cms/src/Tags/Concerns/GetsQueryResults.php(32): Statamic\\Query\\OrderedQueryBuilder->get()
#21 /home/forge/www.blackholerecordings.com/vendor/statamic/cms/src/Tags/Query.php(35): Statamic\\Tags\\Query->results()
#22 /home/forge/www.blackholerecordings.com/vendor/statamic/cms/src/Tags/Query.php(18): Statamic\\Tags\\Query->evaluate()
#23 [internal function]: Statamic\\Tags\\Query->index()
#24 /home/forge/www.blackholerecordings.com/vendor/statamic/cms/src/View/Antlers/Language/Runtime/NodeProcessor.php(1001): call_user_func()
#25 /home/forge/www.blackholerecordings.com/vendor/statamic/cms/src/View/Antlers/Language/Runtime/PathDataManager.php(484): Statamic\\View\\Antlers\\Language\\Runtime\\NodeProcessor->evaluateDeferredNodeAsTag()
#26 /home/forge/www.blackholerecordings.com/vendor/statamic/cms/src/View/Antlers/Language/Runtime/PathDataManager.php(632): Statamic\\View\\Antlers\\Language\\Runtime\\PathDataManager->checkForValueIntercept()
#27 /home/forge/www.blackholerecordings.com/vendor/statamic/cms/src/View/Antlers/Language/Runtime/Sandbox/Environment.php(1275): Statamic\\View\\Antlers\\Language\\Runtime\\PathDataManager->getData()
#28 /home/forge/www.blackholerecordings.com/vendor/statamic/cms/src/View/Antlers/Language/Runtime/Sandbox/Environment.php(1592): Statamic\\View\\Antlers\\Language\\Runtime\\Sandbox\\Environment->scopeValue()
#29 /home/forge/www.blackholerecordings.com/vendor/statamic/cms/src/View/Antlers/Language/Runtime/Sandbox/Environment.php(948): Statamic\\View\\Antlers\\Language\\Runtime\\Sandbox\\Environment->getValue()
#30 /home/forge/www.blackholerecordings.com/vendor/statamic/cms/src/View/Antlers/Language/Runtime/Sandbox/Environment.php(1569): Statamic\\View\\Antlers\\Language\\Runtime\\Sandbox\\Environment->process()
#31 /home/forge/www.blackholerecordings.com/vendor/statamic/cms/src/View/Antlers/Language/Runtime/Sandbox/Environment.php(948): Statamic\\View\\Antlers\\Language\\Runtime\\Sandbox\\Environment->getValue()
#32 /home/forge/www.blackholerecordings.com/vendor/statamic/cms/src/View/Antlers/Language/Runtime/Sandbox/Environment.php(296): Statamic\\View\\Antlers\\Language\\Runtime\\Sandbox\\Environment->process()
#33 /home/forge/www.blackholerecordings.com/vendor/statamic/cms/src/View/Antlers/Language/Runtime/Sandbox/Environment.php(319): Statamic\\View\\Antlers\\Language\\Runtime\\Sandbox\\Environment->processStatements()
#34 /home/forge/www.blackholerecordings.com/vendor/statamic/cms/src/View/Antlers/Language/Runtime/Sandbox/Environment.php(353): Statamic\\View\\Antlers\\Language\\Runtime\\Sandbox\\Environment->evaluate()
#35 /home/forge/www.blackholerecordings.com/vendor/statamic/cms/src/View/Antlers/Language/Runtime/ConditionProcessor.php(101): Statamic\\View\\Antlers\\Language\\Runtime\\Sandbox\\Environment->evaluateBool()
#36 /home/forge/www.blackholerecordings.com/vendor/statamic/cms/src/View/Antlers/Language/Runtime/NodeProcessor.php(1316): Statamic\\View\\Antlers\\Language\\Runtime\\ConditionProcessor->process()
#37 /home/forge/www.blackholerecordings.com/vendor/statamic/cms/src/View/Antlers/Language/Runtime/NodeProcessor.php(750): Statamic\\View\\Antlers\\Language\\Runtime\\NodeProcessor->reduce()
#38 /home/forge/www.blackholerecordings.com/vendor/statamic/cms/src/View/Antlers/Language/Runtime/RuntimeParser.php(381): Statamic\\View\\Antlers\\Language\\Runtime\\NodeProcessor->render()
#39 /home/forge/www.blackholerecordings.com/vendor/statamic/cms/src/View/Antlers/Language/Runtime/RuntimeParser.php(773): Statamic\\View\\Antlers\\Language\\Runtime\\RuntimeParser->renderText()
#40 /home/forge/www.blackholerecordings.com/vendor/statamic/cms/src/View/Antlers/Engine.php(93): Statamic\\View\\Antlers\\Language\\Runtime\\RuntimeParser->parseView()
#41 /home/forge/www.blackholerecordings.com/vendor/laravel/framework/src/Illuminate/View/View.php(207): Statamic\\View\\Antlers\\Engine->get()
#42 /home/forge/www.blackholerecordings.com/vendor/laravel/framework/src/Illuminate/View/View.php(190): Illuminate\\View\\View->getContents()
#43 /home/forge/www.blackholerecordings.com/vendor/laravel/framework/src/Illuminate/View/View.php(159): Illuminate\\View\\View->renderContents()
#44 /home/forge/www.blackholerecordings.com/vendor/statamic/cms/src/View/View.php(104): Illuminate\\View\\View->render()
#45 /home/forge/www.blackholerecordings.com/vendor/statamic/cms/src/Http/Responses/DataResponse.php(150): Statamic\\View\\View->render()
#46 /home/forge/www.blackholerecordings.com/vendor/statamic/cms/src/Http/Responses/DataResponse.php(42): Statamic\\Http\\Responses\\DataResponse->contents()
#47 /home/forge/www.blackholerecordings.com/vendor/statamic/cms/src/Entries/Entry.php(552): Statamic\\Http\\Responses\\DataResponse->toResponse()
#48 /home/forge/www.blackholerecordings.com/vendor/laravel/framework/src/Illuminate/Routing/Router.php(900): Statamic\\Entries\\Entry->toResponse()
#49 /home/forge/www.blackholerecordings.com/vendor/laravel/framework/src/Illuminate/Routing/Router.php(885): Illuminate\\Routing\\Router::toResponse()
#50 /home/forge/www.blackholerecordings.com/vendor/laravel/framework/src/Illuminate/Routing/Router.php(805): Illuminate\\Routing\\Router->prepareResponse()
#51 /home/forge/www.blackholerecordings.com/vendor/laravel/framework/src/Illuminate/Pipeline/Pipeline.php(144): Illuminate\\Routing\\Router->Illuminate\\Routing\\{closure}()
#52 /home/forge/www.blackholerecordings.com/vendor/statamic/cms/src/StaticCaching/Middleware/Cache.php(78): Illuminate\\Pipeline\\Pipeline->Illuminate\\Pipeline\\{closure}()
#53 /home/forge/www.blackholerecordings.com/vendor/statamic/cms/src/StaticCaching/Middleware/Cache.php(59): Statamic\\StaticCaching\\Middleware\\Cache->handleRequest()
#54 /home/forge/www.blackholerecordings.com/vendor/laravel/framework/src/Illuminate/Cache/Lock.php(127): Statamic\\StaticCaching\\Middleware\\Cache->Statamic\\StaticCaching\\Middleware\\{closure}()
#55 /home/forge/www.blackholerecordings.com/vendor/statamic/cms/src/StaticCaching/Middleware/Cache.php(59): Illuminate\\Cache\\Lock->block()
#56 /home/forge/www.blackholerecordings.com/vendor/laravel/framework/src/Illuminate/Pipeline/Pipeline.php(183): Statamic\\StaticCaching\\Middleware\\Cache->handle()
#57 /home/forge/www.blackholerecordings.com/vendor/statamic/cms/src/Http/Middleware/AuthGuard.php(14): Illuminate\\Pipeline\\Pipeline->Illuminate\\Pipeline\\{closure}()
#58 /home/forge/www.blackholerecordings.com/vendor/laravel/framework/src/Illuminate/Pipeline/Pipeline.php(183): Statamic\\Http\\Middleware\\AuthGuard->handle()
#59 /home/forge/www.blackholerecordings.com/vendor/statamic/cms/src/Http/Middleware/AddViewPaths.php(19): Illuminate\\Pipeline\\Pipeline->Illuminate\\Pipeline\\{closure}()
#60 /home/forge/www.blackholerecordings.com/vendor/laravel/framework/src/Illuminate/Pipeline/Pipeline.php(183): Statamic\\Http\\Middleware\\AddViewPaths->handle()
#61 /home/forge/www.blackholerecordings.com/vendor/statamic/cms/src/Http/Middleware/Localize.php(38): Illuminate\\Pipeline\\Pipeline->Illuminate\\Pipeline\\{closure}()
#62 /home/forge/www.blackholerecordings.com/vendor/laravel/framework/src/Illuminate/Pipeline/Pipeline.php(183): Statamic\\Http\\Middleware\\Localize->handle()
#63 /home/forge/www.blackholerecordings.com/vendor/statamic/cms/src/Http/Middleware/HandleToken.php(13): Illuminate\\Pipeline\\Pipeline->Illuminate\\Pipeline\\{closure}()
#64 /home/forge/www.blackholerecordings.com/vendor/laravel/framework/src/Illuminate/Pipeline/Pipeline.php(183): Statamic\\Http\\Middleware\\HandleToken->handle()
#65 /home/forge/www.blackholerecordings.com/vendor/statamic/cms/src/Http/Middleware/StacheLock.php(29): Illuminate\\Pipeline\\Pipeline->Illuminate\\Pipeline\\{closure}()
#66 /home/forge/www.blackholerecordings.com/vendor/laravel/framework/src/Illuminate/Pipeline/Pipeline.php(183): Statamic\\Http\\Middleware\\StacheLock->handle()
#67 /home/forge/www.blackholerecordings.com/vendor/laravel/framework/src/Illuminate/Routing/Middleware/SubstituteBindings.php(50): Illuminate\\Pipeline\\Pipeline->Illuminate\\Pipeline\\{closure}()
#68 /home/forge/www.blackholerecordings.com/vendor/laravel/framework/src/Illuminate/Pipeline/Pipeline.php(183): Illuminate\\Routing\\Middleware\\SubstituteBindings->handle()
#69 /home/forge/www.blackholerecordings.com/vendor/laravel/framework/src/Illuminate/Foundation/Http/Middleware/VerifyCsrfToken.php(78): Illuminate\\Pipeline\\Pipeline->Illuminate\\Pipeline\\{closure}()
#70 /home/forge/www.blackholerecordings.com/vendor/laravel/framework/src/Illuminate/Pipeline/Pipeline.php(183): Illuminate\\Foundation\\Http\\Middleware\\VerifyCsrfToken->handle()
#71 /home/forge/www.blackholerecordings.com/vendor/laravel/framework/src/Illuminate/View/Middleware/ShareErrorsFromSession.php(49): Illuminate\\Pipeline\\Pipeline->Illuminate\\Pipeline\\{closure}()
#72 /home/forge/www.blackholerecordings.com/vendor/laravel/framework/src/Illuminate/Pipeline/Pipeline.php(183): Illuminate\\View\\Middleware\\ShareErrorsFromSession->handle()
#73 /home/forge/www.blackholerecordings.com/vendor/laravel/framework/src/Illuminate/Session/Middleware/StartSession.php(121): Illuminate\\Pipeline\\Pipeline->Illuminate\\Pipeline\\{closure}()
#74 /home/forge/www.blackholerecordings.com/vendor/laravel/framework/src/Illuminate/Session/Middleware/StartSession.php(64): Illuminate\\Session\\Middleware\\StartSession->handleStatefulRequest()
#75 /home/forge/www.blackholerecordings.com/vendor/laravel/framework/src/Illuminate/Pipeline/Pipeline.php(183): Illuminate\\Session\\Middleware\\StartSession->handle()
#76 /home/forge/www.blackholerecordings.com/vendor/laravel/framework/src/Illuminate/Cookie/Middleware/AddQueuedCookiesToResponse.php(37): Illuminate\\Pipeline\\Pipeline->Illuminate\\Pipeline\\{closure}()
#77 /home/forge/www.blackholerecordings.com/vendor/laravel/framework/src/Illuminate/Pipeline/Pipeline.php(183): Illuminate\\Cookie\\Middleware\\AddQueuedCookiesToResponse->handle()
#78 /home/forge/www.blackholerecordings.com/vendor/laravel/framework/src/Illuminate/Cookie/Middleware/EncryptCookies.php(67): Illuminate\\Pipeline\\Pipeline->Illuminate\\Pipeline\\{closure}()
#79 /home/forge/www.blackholerecordings.com/vendor/laravel/framework/src/Illuminate/Pipeline/Pipeline.php(183): Illuminate\\Cookie\\Middleware\\EncryptCookies->handle()
#80 /home/forge/www.blackholerecordings.com/vendor/laravel/framework/src/Illuminate/Pipeline/Pipeline.php(119): Illuminate\\Pipeline\\Pipeline->Illuminate\\Pipeline\\{closure}()
#81 /home/forge/www.blackholerecordings.com/vendor/laravel/framework/src/Illuminate/Routing/Router.php(805): Illuminate\\Pipeline\\Pipeline->then()
#82 /home/forge/www.blackholerecordings.com/vendor/laravel/framework/src/Illuminate/Routing/Router.php(784): Illuminate\\Routing\\Router->runRouteWithinStack()
#83 /home/forge/www.blackholerecordings.com/vendor/laravel/framework/src/Illuminate/Routing/Router.php(748): Illuminate\\Routing\\Router->runRoute()
#84 /home/forge/www.blackholerecordings.com/vendor/laravel/framework/src/Illuminate/Routing/Router.php(737): Illuminate\\Routing\\Router->dispatchToRoute()
#85 /home/forge/www.blackholerecordings.com/vendor/laravel/framework/src/Illuminate/Foundation/Http/Kernel.php(200): Illuminate\\Routing\\Router->dispatch()
#86 /home/forge/www.blackholerecordings.com/vendor/laravel/framework/src/Illuminate/Pipeline/Pipeline.php(144): Illuminate\\Foundation\\Http\\Kernel->Illuminate\\Foundation\\Http\\{closure}()
#87 /home/forge/www.blackholerecordings.com/vendor/statamic/cms/src/Http/Middleware/StopImpersonating.php(12): Illuminate\\Pipeline\\Pipeline->Illuminate\\Pipeline\\{closure}()
#88 /home/forge/www.blackholerecordings.com/vendor/laravel/framework/src/Illuminate/Pipeline/Pipeline.php(183): Statamic\\Http\\Middleware\\StopImpersonating->handle()
#89 /home/forge/www.blackholerecordings.com/vendor/statamic/cms/src/Http/Middleware/DisableFloc.php(17): Illuminate\\Pipeline\\Pipeline->Illuminate\\Pipeline\\{closure}()
#90 /home/forge/www.blackholerecordings.com/vendor/laravel/framework/src/Illuminate/Pipeline/Pipeline.php(183): Statamic\\Http\\Middleware\\DisableFloc->handle()
#91 /home/forge/www.blackholerecordings.com/vendor/statamic/cms/src/Http/Middleware/CheckMultisite.php(15): Illuminate\\Pipeline\\Pipeline->Illuminate\\Pipeline\\{closure}()
#92 /home/forge/www.blackholerecordings.com/vendor/laravel/framework/src/Illuminate/Pipeline/Pipeline.php(183): Statamic\\Http\\Middleware\\CheckMultisite->handle()
#93 /home/forge/www.blackholerecordings.com/vendor/statamic/cms/src/Http/Middleware/CheckComposerJsonScripts.php(14): Illuminate\\Pipeline\\Pipeline->Illuminate\\Pipeline\\{closure}()
#94 /home/forge/www.blackholerecordings.com/vendor/laravel/framework/src/Illuminate/Pipeline/Pipeline.php(183): Statamic\\Http\\Middleware\\CheckComposerJsonScripts->handle()
#95 /home/forge/www.blackholerecordings.com/vendor/statamic/cms/src/Http/Middleware/PoweredByHeader.php(18): Illuminate\\Pipeline\\Pipeline->Illuminate\\Pipeline\\{closure}()
#96 /home/forge/www.blackholerecordings.com/vendor/laravel/framework/src/Illuminate/Pipeline/Pipeline.php(183): Statamic\\Http\\Middleware\\PoweredByHeader->handle()
#97 /home/forge/www.blackholerecordings.com/vendor/barryvdh/laravel-debugbar/src/Middleware/InjectDebugbar.php(59): Illuminate\\Pipeline\\Pipeline->Illuminate\\Pipeline\\{closure}()
#98 /home/forge/www.blackholerecordings.com/vendor/laravel/framework/src/Illuminate/Pipeline/Pipeline.php(183): Barryvdh\\Debugbar\\Middleware\\InjectDebugbar->handle()
#99 /home/forge/www.blackholerecordings.com/vendor/laravel/framework/src/Illuminate/Foundation/Http/Middleware/TransformsRequest.php(21): Illuminate\\Pipeline\\Pipeline->Illuminate\\Pipeline\\{closure}()
#100 /home/forge/www.blackholerecordings.com/vendor/laravel/framework/src/Illuminate/Foundation/Http/Middleware/ConvertEmptyStringsToNull.php(31): Illuminate\\Foundation\\Http\\Middleware\\TransformsRequest->handle()
#101 /home/forge/www.blackholerecordings.com/vendor/laravel/framework/src/Illuminate/Pipeline/Pipeline.php(183): Illuminate\\Foundation\\Http\\Middleware\\ConvertEmptyStringsToNull->handle()
#102 /home/forge/www.blackholerecordings.com/vendor/laravel/framework/src/Illuminate/Foundation/Http/Middleware/TransformsRequest.php(21): Illuminate\\Pipeline\\Pipeline->Illuminate\\Pipeline\\{closure}()
#103 /home/forge/www.blackholerecordings.com/vendor/laravel/framework/src/Illuminate/Foundation/Http/Middleware/TrimStrings.php(40): Illuminate\\Foundation\\Http\\Middleware\\TransformsRequest->handle()
#104 /home/forge/www.blackholerecordings.com/vendor/laravel/framework/src/Illuminate/Pipeline/Pipeline.php(183): Illuminate\\Foundation\\Http\\Middleware\\TrimStrings->handle()
#105 /home/forge/www.blackholerecordings.com/vendor/laravel/framework/src/Illuminate/Foundation/Http/Middleware/ValidatePostSize.php(27): Illuminate\\Pipeline\\Pipeline->Illuminate\\Pipeline\\{closure}()
#106 /home/forge/www.blackholerecordings.com/vendor/laravel/framework/src/Illuminate/Pipeline/Pipeline.php(183): Illuminate\\Foundation\\Http\\Middleware\\ValidatePostSize->handle()
#107 /home/forge/www.blackholerecordings.com/vendor/laravel/framework/src/Illuminate/Foundation/Http/Middleware/PreventRequestsDuringMaintenance.php(99): Illuminate\\Pipeline\\Pipeline->Illuminate\\Pipeline\\{closure}()
#108 /home/forge/www.blackholerecordings.com/vendor/laravel/framework/src/Illuminate/Pipeline/Pipeline.php(183): Illuminate\\Foundation\\Http\\Middleware\\PreventRequestsDuringMaintenance->handle()
#109 /home/forge/www.blackholerecordings.com/vendor/laravel/framework/src/Illuminate/Http/Middleware/HandleCors.php(49): Illuminate\\Pipeline\\Pipeline->Illuminate\\Pipeline\\{closure}()
#110 /home/forge/www.blackholerecordings.com/vendor/laravel/framework/src/Illuminate/Pipeline/Pipeline.php(183): Illuminate\\Http\\Middleware\\HandleCors->handle()
#111 /home/forge/www.blackholerecordings.com/vendor/laravel/framework/src/Illuminate/Http/Middleware/TrustProxies.php(39): Illuminate\\Pipeline\\Pipeline->Illuminate\\Pipeline\\{closure}()
#112 /home/forge/www.blackholerecordings.com/vendor/laravel/framework/src/Illuminate/Pipeline/Pipeline.php(183): Illuminate\\Http\\Middleware\\TrustProxies->handle()
#113 /home/forge/www.blackholerecordings.com/vendor/laravel/framework/src/Illuminate/Pipeline/Pipeline.php(119): Illuminate\\Pipeline\\Pipeline->Illuminate\\Pipeline\\{closure}()
#114 /home/forge/www.blackholerecordings.com/vendor/laravel/framework/src/Illuminate/Foundation/Http/Kernel.php(175): Illuminate\\Pipeline\\Pipeline->then()
#115 /home/forge/www.blackholerecordings.com/vendor/laravel/framework/src/Illuminate/Foundation/Http/Kernel.php(144): Illuminate\\Foundation\\Http\\Kernel->sendRequestThroughRouter()
#116 /home/forge/www.blackholerecordings.com/public/index.php(51): Illuminate\\Foundation\\Http\\Kernel->handle()
#117 {main}
"} 
[2024-12-04 15:30:53] production.ERROR: SQLSTATE[HY000]: General error: 1 Can't create/write to file '/tmp/MY7G180d' (OS errno 24 - Too many open files) (Connection: mysql, SQL: select `slug` from `taxonomy_terms` where `taxonomy` = genre and exists (select 1 from `entries` where `collection` in (music) and json_contains(`data`, concat('"', `taxonomy_terms`.`slug`, '"'), '$."genre"'))) {"view":{"view":"","data":[]},"exception":"[object] (Spatie\\LaravelIgnition\\Exceptions\\ViewException(code: 0): SQLSTATE[HY000]: General error: 1 Can't create/write to file '/tmp/MY7G180d' (OS errno 24 - Too many open files) (Connection: mysql, SQL: select `slug` from `taxonomy_terms` where `taxonomy` = genre and exists (select 1 from `entries` where `collection` in (music) and json_contains(`data`, concat('\"', `taxonomy_terms`.`slug`, '\"'), '$.\"genre\"'))) at /home/forge/www.blackholerecordings.com/resources/views/music/show.antlers.html:9)
[stacktrace]
#0 /home/forge/www.blackholerecordings.com/resources/views/music/show.antlers.html(9): ()
#1 /home/forge/www.blackholerecordings.com/vendor/laravel/framework/src/Illuminate/Database/Connection.php(783): Illuminate\\Database\\Connection->runQueryCallback()
#2 /home/forge/www.blackholerecordings.com/vendor/laravel/framework/src/Illuminate/Database/Connection.php(414): Illuminate\\Database\\Connection->run()
#3 /home/forge/www.blackholerecordings.com/vendor/laravel/framework/src/Illuminate/Database/Query/Builder.php(2913): Illuminate\\Database\\Connection->select()
#4 /home/forge/www.blackholerecordings.com/vendor/laravel/framework/src/Illuminate/Database/Query/Builder.php(3142): Illuminate\\Database\\Query\\Builder->runSelect()
#5 /home/forge/www.blackholerecordings.com/vendor/laravel/framework/src/Illuminate/Database/Query/Builder.php(3456): Illuminate\\Database\\Query\\Builder->Illuminate\\Database\\Query\\{closure}()
#6 /home/forge/www.blackholerecordings.com/vendor/laravel/framework/src/Illuminate/Database/Query/Builder.php(3138): Illuminate\\Database\\Query\\Builder->onceWithColumns()
#7 /home/forge/www.blackholerecordings.com/vendor/laravel/framework/src/Illuminate/Database/Eloquent/Builder.php(889): Illuminate\\Database\\Query\\Builder->pluck()
#8 /home/forge/www.blackholerecordings.com/vendor/statamic/eloquent-driver/src/Taxonomies/TermQueryBuilder.php(250): Illuminate\\Database\\Eloquent\\Builder->pluck()
#9 /home/forge/www.blackholerecordings.com/vendor/spatie/blink/src/Blink.php(306): Statamic\\Eloquent\\Taxonomies\\TermQueryBuilder->Statamic\\Eloquent\\Taxonomies\\{closure}()
#10 /home/forge/www.blackholerecordings.com/vendor/statamic/cms/src/Support/Blink.php(18): Spatie\\Blink\\Blink->once()
#11 /home/forge/www.blackholerecordings.com/vendor/laravel/framework/src/Illuminate/Support/Facades/Facade.php(355): Statamic\\Support\\Blink->__call()
#12 /home/forge/www.blackholerecordings.com/vendor/statamic/eloquent-driver/src/Taxonomies/TermQueryBuilder.php(222): Illuminate\\Support\\Facades\\Facade::__callStatic()
#13 /home/forge/www.blackholerecordings.com/vendor/laravel/framework/src/Illuminate/Collections/Traits/EnumeratesValues.php(240): Statamic\\Eloquent\\Taxonomies\\TermQueryBuilder->Statamic\\Eloquent\\Taxonomies\\{closure}()
#14 /home/forge/www.blackholerecordings.com/vendor/statamic/eloquent-driver/src/Taxonomies/TermQueryBuilder.php(219): Illuminate\\Support\\Collection->each()
#15 /home/forge/www.blackholerecordings.com/vendor/laravel/framework/src/Illuminate/Database/Eloquent/Builder.php(299): Statamic\\Eloquent\\Taxonomies\\TermQueryBuilder->Statamic\\Eloquent\\Taxonomies\\{closure}()
#16 /home/forge/www.blackholerecordings.com/vendor/statamic/eloquent-driver/src/Taxonomies/TermQueryBuilder.php(214): Illuminate\\Database\\Eloquent\\Builder->where()
#17 /home/forge/www.blackholerecordings.com/vendor/statamic/eloquent-driver/src/Taxonomies/TermQueryBuilder.php(175): Statamic\\Eloquent\\Taxonomies\\TermQueryBuilder->applyCollectionAndTaxonomyWheres()
#18 /home/forge/www.blackholerecordings.com/vendor/statamic/cms/src/Query/OrderedQueryBuilder.php(40): Statamic\\Eloquent\\Taxonomies\\TermQueryBuilder->get()
#19 /home/forge/www.blackholerecordings.com/vendor/statamic/cms/src/Tags/Concerns/GetsQueryResults.php(32): Statamic\\Query\\OrderedQueryBuilder->get()
#20 /home/forge/www.blackholerecordings.com/vendor/statamic/cms/src/Tags/Query.php(35): Statamic\\Tags\\Query->results()
#21 /home/forge/www.blackholerecordings.com/vendor/statamic/cms/src/Tags/Query.php(18): Statamic\\Tags\\Query->evaluate()
#22 [internal function]: Statamic\\Tags\\Query->index()
#23 /home/forge/www.blackholerecordings.com/vendor/statamic/cms/src/View/Antlers/Language/Runtime/NodeProcessor.php(1001): call_user_func()
#24 /home/forge/www.blackholerecordings.com/vendor/statamic/cms/src/View/Antlers/Language/Runtime/PathDataManager.php(484): Statamic\\View\\Antlers\\Language\\Runtime\\NodeProcessor->evaluateDeferredNodeAsTag()
#25 /home/forge/www.blackholerecordings.com/vendor/statamic/cms/src/View/Antlers/Language/Runtime/PathDataManager.php(632): Statamic\\View\\Antlers\\Language\\Runtime\\PathDataManager->checkForValueIntercept()
#26 /home/forge/www.blackholerecordings.com/vendor/statamic/cms/src/View/Antlers/Language/Runtime/Sandbox/Environment.php(1275): Statamic\\View\\Antlers\\Language\\Runtime\\PathDataManager->getData()
#27 /home/forge/www.blackholerecordings.com/vendor/statamic/cms/src/View/Antlers/Language/Runtime/Sandbox/Environment.php(1592): Statamic\\View\\Antlers\\Language\\Runtime\\Sandbox\\Environment->scopeValue()
#28 /home/forge/www.blackholerecordings.com/vendor/statamic/cms/src/View/Antlers/Language/Runtime/Sandbox/Environment.php(948): Statamic\\View\\Antlers\\Language\\Runtime\\Sandbox\\Environment->getValue()
#29 /home/forge/www.blackholerecordings.com/vendor/statamic/cms/src/View/Antlers/Language/Runtime/Sandbox/Environment.php(1569): Statamic\\View\\Antlers\\Language\\Runtime\\Sandbox\\Environment->process()
#30 /home/forge/www.blackholerecordings.com/vendor/statamic/cms/src/View/Antlers/Language/Runtime/Sandbox/Environment.php(948): Statamic\\View\\Antlers\\Language\\Runtime\\Sandbox\\Environment->getValue()
#31 /home/forge/www.blackholerecordings.com/vendor/statamic/cms/src/View/Antlers/Language/Runtime/Sandbox/Environment.php(296): Statamic\\View\\Antlers\\Language\\Runtime\\Sandbox\\Environment->process()
#32 /home/forge/www.blackholerecordings.com/vendor/statamic/cms/src/View/Antlers/Language/Runtime/Sandbox/Environment.php(319): Statamic\\View\\Antlers\\Language\\Runtime\\Sandbox\\Environment->processStatements()
#33 /home/forge/www.blackholerecordings.com/vendor/statamic/cms/src/View/Antlers/Language/Runtime/Sandbox/Environment.php(353): Statamic\\View\\Antlers\\Language\\Runtime\\Sandbox\\Environment->evaluate()
#34 /home/forge/www.blackholerecordings.com/vendor/statamic/cms/src/View/Antlers/Language/Runtime/ConditionProcessor.php(101): Statamic\\View\\Antlers\\Language\\Runtime\\Sandbox\\Environment->evaluateBool()
#35 /home/forge/www.blackholerecordings.com/vendor/statamic/cms/src/View/Antlers/Language/Runtime/NodeProcessor.php(1316): Statamic\\View\\Antlers\\Language\\Runtime\\ConditionProcessor->process()
#36 /home/forge/www.blackholerecordings.com/vendor/statamic/cms/src/View/Antlers/Language/Runtime/NodeProcessor.php(750): Statamic\\View\\Antlers\\Language\\Runtime\\NodeProcessor->reduce()
#37 /home/forge/www.blackholerecordings.com/vendor/statamic/cms/src/View/Antlers/Language/Runtime/RuntimeParser.php(381): Statamic\\View\\Antlers\\Language\\Runtime\\NodeProcessor->render()
#38 /home/forge/www.blackholerecordings.com/vendor/statamic/cms/src/View/Antlers/Language/Runtime/RuntimeParser.php(773): Statamic\\View\\Antlers\\Language\\Runtime\\RuntimeParser->renderText()
#39 /home/forge/www.blackholerecordings.com/vendor/statamic/cms/src/View/Antlers/Engine.php(93): Statamic\\View\\Antlers\\Language\\Runtime\\RuntimeParser->parseView()
#40 /home/forge/www.blackholerecordings.com/vendor/laravel/framework/src/Illuminate/View/View.php(207): Statamic\\View\\Antlers\\Engine->get()
#41 /home/forge/www.blackholerecordings.com/vendor/laravel/framework/src/Illuminate/View/View.php(190): Illuminate\\View\\View->getContents()
#42 /home/forge/www.blackholerecordings.com/vendor/laravel/framework/src/Illuminate/View/View.php(159): Illuminate\\View\\View->renderContents()
#43 /home/forge/www.blackholerecordings.com/vendor/statamic/cms/src/View/View.php(104): Illuminate\\View\\View->render()
#44 /home/forge/www.blackholerecordings.com/vendor/statamic/cms/src/Http/Responses/DataResponse.php(150): Statamic\\View\\View->render()
#45 /home/forge/www.blackholerecordings.com/vendor/statamic/cms/src/Http/Responses/DataResponse.php(42): Statamic\\Http\\Responses\\DataResponse->contents()
#46 /home/forge/www.blackholerecordings.com/vendor/statamic/cms/src/Entries/Entry.php(552): Statamic\\Http\\Responses\\DataResponse->toResponse()
#47 /home/forge/www.blackholerecordings.com/vendor/laravel/framework/src/Illuminate/Routing/Router.php(900): Statamic\\Entries\\Entry->toResponse()
#48 /home/forge/www.blackholerecordings.com/vendor/laravel/framework/src/Illuminate/Routing/Router.php(885): Illuminate\\Routing\\Router::toResponse()
#49 /home/forge/www.blackholerecordings.com/vendor/laravel/framework/src/Illuminate/Routing/Router.php(805): Illuminate\\Routing\\Router->prepareResponse()
#50 /home/forge/www.blackholerecordings.com/vendor/laravel/framework/src/Illuminate/Pipeline/Pipeline.php(144): Illuminate\\Routing\\Router->Illuminate\\Routing\\{closure}()
#51 /home/forge/www.blackholerecordings.com/vendor/statamic/cms/src/StaticCaching/Middleware/Cache.php(78): Illuminate\\Pipeline\\Pipeline->Illuminate\\Pipeline\\{closure}()
#52 /home/forge/www.blackholerecordings.com/vendor/statamic/cms/src/StaticCaching/Middleware/Cache.php(59): Statamic\\StaticCaching\\Middleware\\Cache->handleRequest()
#53 /home/forge/www.blackholerecordings.com/vendor/laravel/framework/src/Illuminate/Cache/Lock.php(127): Statamic\\StaticCaching\\Middleware\\Cache->Statamic\\StaticCaching\\Middleware\\{closure}()
#54 /home/forge/www.blackholerecordings.com/vendor/statamic/cms/src/StaticCaching/Middleware/Cache.php(59): Illuminate\\Cache\\Lock->block()
#55 /home/forge/www.blackholerecordings.com/vendor/laravel/framework/src/Illuminate/Pipeline/Pipeline.php(183): Statamic\\StaticCaching\\Middleware\\Cache->handle()
#56 /home/forge/www.blackholerecordings.com/vendor/statamic/cms/src/Http/Middleware/AuthGuard.php(14): Illuminate\\Pipeline\\Pipeline->Illuminate\\Pipeline\\{closure}()
#57 /home/forge/www.blackholerecordings.com/vendor/laravel/framework/src/Illuminate/Pipeline/Pipeline.php(183): Statamic\\Http\\Middleware\\AuthGuard->handle()
#58 /home/forge/www.blackholerecordings.com/vendor/statamic/cms/src/Http/Middleware/AddViewPaths.php(19): Illuminate\\Pipeline\\Pipeline->Illuminate\\Pipeline\\{closure}()
#59 /home/forge/www.blackholerecordings.com/vendor/laravel/framework/src/Illuminate/Pipeline/Pipeline.php(183): Statamic\\Http\\Middleware\\AddViewPaths->handle()
#60 /home/forge/www.blackholerecordings.com/vendor/statamic/cms/src/Http/Middleware/Localize.php(38): Illuminate\\Pipeline\\Pipeline->Illuminate\\Pipeline\\{closure}()
#61 /home/forge/www.blackholerecordings.com/vendor/laravel/framework/src/Illuminate/Pipeline/Pipeline.php(183): Statamic\\Http\\Middleware\\Localize->handle()
#62 /home/forge/www.blackholerecordings.com/vendor/statamic/cms/src/Http/Middleware/HandleToken.php(13): Illuminate\\Pipeline\\Pipeline->Illuminate\\Pipeline\\{closure}()
#63 /home/forge/www.blackholerecordings.com/vendor/laravel/framework/src/Illuminate/Pipeline/Pipeline.php(183): Statamic\\Http\\Middleware\\HandleToken->handle()
#64 /home/forge/www.blackholerecordings.com/vendor/statamic/cms/src/Http/Middleware/StacheLock.php(29): Illuminate\\Pipeline\\Pipeline->Illuminate\\Pipeline\\{closure}()
#65 /home/forge/www.blackholerecordings.com/vendor/laravel/framework/src/Illuminate/Pipeline/Pipeline.php(183): Statamic\\Http\\Middleware\\StacheLock->handle()
#66 /home/forge/www.blackholerecordings.com/vendor/laravel/framework/src/Illuminate/Routing/Middleware/SubstituteBindings.php(50): Illuminate\\Pipeline\\Pipeline->Illuminate\\Pipeline\\{closure}()
#67 /home/forge/www.blackholerecordings.com/vendor/laravel/framework/src/Illuminate/Pipeline/Pipeline.php(183): Illuminate\\Routing\\Middleware\\SubstituteBindings->handle()
#68 /home/forge/www.blackholerecordings.com/vendor/laravel/framework/src/Illuminate/Foundation/Http/Middleware/VerifyCsrfToken.php(78): Illuminate\\Pipeline\\Pipeline->Illuminate\\Pipeline\\{closure}()
#69 /home/forge/www.blackholerecordings.com/vendor/laravel/framework/src/Illuminate/Pipeline/Pipeline.php(183): Illuminate\\Foundation\\Http\\Middleware\\VerifyCsrfToken->handle()
#70 /home/forge/www.blackholerecordings.com/vendor/laravel/framework/src/Illuminate/View/Middleware/ShareErrorsFromSession.php(49): Illuminate\\Pipeline\\Pipeline->Illuminate\\Pipeline\\{closure}()
#71 /home/forge/www.blackholerecordings.com/vendor/laravel/framework/src/Illuminate/Pipeline/Pipeline.php(183): Illuminate\\View\\Middleware\\ShareErrorsFromSession->handle()
#72 /home/forge/www.blackholerecordings.com/vendor/laravel/framework/src/Illuminate/Session/Middleware/StartSession.php(121): Illuminate\\Pipeline\\Pipeline->Illuminate\\Pipeline\\{closure}()
#73 /home/forge/www.blackholerecordings.com/vendor/laravel/framework/src/Illuminate/Session/Middleware/StartSession.php(64): Illuminate\\Session\\Middleware\\StartSession->handleStatefulRequest()
#74 /home/forge/www.blackholerecordings.com/vendor/laravel/framework/src/Illuminate/Pipeline/Pipeline.php(183): Illuminate\\Session\\Middleware\\StartSession->handle()
#75 /home/forge/www.blackholerecordings.com/vendor/laravel/framework/src/Illuminate/Cookie/Middleware/AddQueuedCookiesToResponse.php(37): Illuminate\\Pipeline\\Pipeline->Illuminate\\Pipeline\\{closure}()
#76 /home/forge/www.blackholerecordings.com/vendor/laravel/framework/src/Illuminate/Pipeline/Pipeline.php(183): Illuminate\\Cookie\\Middleware\\AddQueuedCookiesToResponse->handle()
#77 /home/forge/www.blackholerecordings.com/vendor/laravel/framework/src/Illuminate/Cookie/Middleware/EncryptCookies.php(67): Illuminate\\Pipeline\\Pipeline->Illuminate\\Pipeline\\{closure}()
#78 /home/forge/www.blackholerecordings.com/vendor/laravel/framework/src/Illuminate/Pipeline/Pipeline.php(183): Illuminate\\Cookie\\Middleware\\EncryptCookies->handle()
#79 /home/forge/www.blackholerecordings.com/vendor/laravel/framework/src/Illuminate/Pipeline/Pipeline.php(119): Illuminate\\Pipeline\\Pipeline->Illuminate\\Pipeline\\{closure}()
#80 /home/forge/www.blackholerecordings.com/vendor/laravel/framework/src/Illuminate/Routing/Router.php(805): Illuminate\\Pipeline\\Pipeline->then()
#81 /home/forge/www.blackholerecordings.com/vendor/laravel/framework/src/Illuminate/Routing/Router.php(784): Illuminate\\Routing\\Router->runRouteWithinStack()
#82 /home/forge/www.blackholerecordings.com/vendor/laravel/framework/src/Illuminate/Routing/Router.php(748): Illuminate\\Routing\\Router->runRoute()
#83 /home/forge/www.blackholerecordings.com/vendor/laravel/framework/src/Illuminate/Routing/Router.php(737): Illuminate\\Routing\\Router->dispatchToRoute()
#84 /home/forge/www.blackholerecordings.com/vendor/laravel/framework/src/Illuminate/Foundation/Http/Kernel.php(200): Illuminate\\Routing\\Router->dispatch()
#85 /home/forge/www.blackholerecordings.com/vendor/laravel/framework/src/Illuminate/Pipeline/Pipeline.php(144): Illuminate\\Foundation\\Http\\Kernel->Illuminate\\Foundation\\Http\\{closure}()
#86 /home/forge/www.blackholerecordings.com/vendor/statamic/cms/src/Http/Middleware/StopImpersonating.php(12): Illuminate\\Pipeline\\Pipeline->Illuminate\\Pipeline\\{closure}()
#87 /home/forge/www.blackholerecordings.com/vendor/laravel/framework/src/Illuminate/Pipeline/Pipeline.php(183): Statamic\\Http\\Middleware\\StopImpersonating->handle()
#88 /home/forge/www.blackholerecordings.com/vendor/statamic/cms/src/Http/Middleware/DisableFloc.php(17): Illuminate\\Pipeline\\Pipeline->Illuminate\\Pipeline\\{closure}()
#89 /home/forge/www.blackholerecordings.com/vendor/laravel/framework/src/Illuminate/Pipeline/Pipeline.php(183): Statamic\\Http\\Middleware\\DisableFloc->handle()
#90 /home/forge/www.blackholerecordings.com/vendor/statamic/cms/src/Http/Middleware/CheckMultisite.php(15): Illuminate\\Pipeline\\Pipeline->Illuminate\\Pipeline\\{closure}()
#91 /home/forge/www.blackholerecordings.com/vendor/laravel/framework/src/Illuminate/Pipeline/Pipeline.php(183): Statamic\\Http\\Middleware\\CheckMultisite->handle()
#92 /home/forge/www.blackholerecordings.com/vendor/statamic/cms/src/Http/Middleware/CheckComposerJsonScripts.php(14): Illuminate\\Pipeline\\Pipeline->Illuminate\\Pipeline\\{closure}()
#93 /home/forge/www.blackholerecordings.com/vendor/laravel/framework/src/Illuminate/Pipeline/Pipeline.php(183): Statamic\\Http\\Middleware\\CheckComposerJsonScripts->handle()
#94 /home/forge/www.blackholerecordings.com/vendor/statamic/cms/src/Http/Middleware/PoweredByHeader.php(18): Illuminate\\Pipeline\\Pipeline->Illuminate\\Pipeline\\{closure}()
#95 /home/forge/www.blackholerecordings.com/vendor/laravel/framework/src/Illuminate/Pipeline/Pipeline.php(183): Statamic\\Http\\Middleware\\PoweredByHeader->handle()
#96 /home/forge/www.blackholerecordings.com/vendor/barryvdh/laravel-debugbar/src/Middleware/InjectDebugbar.php(59): Illuminate\\Pipeline\\Pipeline->Illuminate\\Pipeline\\{closure}()
#97 /home/forge/www.blackholerecordings.com/vendor/laravel/framework/src/Illuminate/Pipeline/Pipeline.php(183): Barryvdh\\Debugbar\\Middleware\\InjectDebugbar->handle()
#98 /home/forge/www.blackholerecordings.com/vendor/laravel/framework/src/Illuminate/Foundation/Http/Middleware/TransformsRequest.php(21): Illuminate\\Pipeline\\Pipeline->Illuminate\\Pipeline\\{closure}()
#99 /home/forge/www.blackholerecordings.com/vendor/laravel/framework/src/Illuminate/Foundation/Http/Middleware/ConvertEmptyStringsToNull.php(31): Illuminate\\Foundation\\Http\\Middleware\\TransformsRequest->handle()
#100 /home/forge/www.blackholerecordings.com/vendor/laravel/framework/src/Illuminate/Pipeline/Pipeline.php(183): Illuminate\\Foundation\\Http\\Middleware\\ConvertEmptyStringsToNull->handle()
#101 /home/forge/www.blackholerecordings.com/vendor/laravel/framework/src/Illuminate/Foundation/Http/Middleware/TransformsRequest.php(21): Illuminate\\Pipeline\\Pipeline->Illuminate\\Pipeline\\{closure}()
#102 /home/forge/www.blackholerecordings.com/vendor/laravel/framework/src/Illuminate/Foundation/Http/Middleware/TrimStrings.php(40): Illuminate\\Foundation\\Http\\Middleware\\TransformsRequest->handle()
#103 /home/forge/www.blackholerecordings.com/vendor/laravel/framework/src/Illuminate/Pipeline/Pipeline.php(183): Illuminate\\Foundation\\Http\\Middleware\\TrimStrings->handle()
#104 /home/forge/www.blackholerecordings.com/vendor/laravel/framework/src/Illuminate/Foundation/Http/Middleware/ValidatePostSize.php(27): Illuminate\\Pipeline\\Pipeline->Illuminate\\Pipeline\\{closure}()
#105 /home/forge/www.blackholerecordings.com/vendor/laravel/framework/src/Illuminate/Pipeline/Pipeline.php(183): Illuminate\\Foundation\\Http\\Middleware\\ValidatePostSize->handle()
#106 /home/forge/www.blackholerecordings.com/vendor/laravel/framework/src/Illuminate/Foundation/Http/Middleware/PreventRequestsDuringMaintenance.php(99): Illuminate\\Pipeline\\Pipeline->Illuminate\\Pipeline\\{closure}()
#107 /home/forge/www.blackholerecordings.com/vendor/laravel/framework/src/Illuminate/Pipeline/Pipeline.php(183): Illuminate\\Foundation\\Http\\Middleware\\PreventRequestsDuringMaintenance->handle()
#108 /home/forge/www.blackholerecordings.com/vendor/laravel/framework/src/Illuminate/Http/Middleware/HandleCors.php(49): Illuminate\\Pipeline\\Pipeline->Illuminate\\Pipeline\\{closure}()
#109 /home/forge/www.blackholerecordings.com/vendor/laravel/framework/src/Illuminate/Pipeline/Pipeline.php(183): Illuminate\\Http\\Middleware\\HandleCors->handle()
#110 /home/forge/www.blackholerecordings.com/vendor/laravel/framework/src/Illuminate/Http/Middleware/TrustProxies.php(39): Illuminate\\Pipeline\\Pipeline->Illuminate\\Pipeline\\{closure}()
#111 /home/forge/www.blackholerecordings.com/vendor/laravel/framework/src/Illuminate/Pipeline/Pipeline.php(183): Illuminate\\Http\\Middleware\\TrustProxies->handle()
#112 /home/forge/www.blackholerecordings.com/vendor/laravel/framework/src/Illuminate/Pipeline/Pipeline.php(119): Illuminate\\Pipeline\\Pipeline->Illuminate\\Pipeline\\{closure}()
#113 /home/forge/www.blackholerecordings.com/vendor/laravel/framework/src/Illuminate/Foundation/Http/Kernel.php(175): Illuminate\\Pipeline\\Pipeline->then()
#114 /home/forge/www.blackholerecordings.com/vendor/laravel/framework/src/Illuminate/Foundation/Http/Kernel.php(144): Illuminate\\Foundation\\Http\\Kernel->sendRequestThroughRouter()
#115 /home/forge/www.blackholerecordings.com/public/index.php(51): Illuminate\\Foundation\\Http\\Kernel->handle()
#116 {main}

[previous exception] [object] (Illuminate\\Database\\QueryException(code: HY000): SQLSTATE[HY000]: General error: 1 Can't create/write to file '/tmp/MY7G180d' (OS errno 24 - Too many open files) (Connection: mysql, SQL: select `slug` from `taxonomy_terms` where `taxonomy` = genre and exists (select 1 from `entries` where `collection` in (music) and json_contains(`data`, concat('\"', `taxonomy_terms`.`slug`, '\"'), '$.\"genre\"'))) at /home/forge/www.blackholerecordings.com/vendor/laravel/framework/src/Illuminate/Database/Connection.php:829)
[stacktrace]
#0 /home/forge/www.blackholerecordings.com/vendor/laravel/framework/src/Illuminate/Database/Connection.php(783): Illuminate\\Database\\Connection->runQueryCallback()
#1 /home/forge/www.blackholerecordings.com/vendor/laravel/framework/src/Illuminate/Database/Connection.php(414): Illuminate\\Database\\Connection->run()
#2 /home/forge/www.blackholerecordings.com/vendor/laravel/framework/src/Illuminate/Database/Query/Builder.php(2913): Illuminate\\Database\\Connection->select()
#3 /home/forge/www.blackholerecordings.com/vendor/laravel/framework/src/Illuminate/Database/Query/Builder.php(3142): Illuminate\\Database\\Query\\Builder->runSelect()
#4 /home/forge/www.blackholerecordings.com/vendor/laravel/framework/src/Illuminate/Database/Query/Builder.php(3456): Illuminate\\Database\\Query\\Builder->Illuminate\\Database\\Query\\{closure}()
#5 /home/forge/www.blackholerecordings.com/vendor/laravel/framework/src/Illuminate/Database/Query/Builder.php(3138): Illuminate\\Database\\Query\\Builder->onceWithColumns()
#6 /home/forge/www.blackholerecordings.com/vendor/laravel/framework/src/Illuminate/Database/Eloquent/Builder.php(889): Illuminate\\Database\\Query\\Builder->pluck()
#7 /home/forge/www.blackholerecordings.com/vendor/statamic/eloquent-driver/src/Taxonomies/TermQueryBuilder.php(250): Illuminate\\Database\\Eloquent\\Builder->pluck()
#8 /home/forge/www.blackholerecordings.com/vendor/spatie/blink/src/Blink.php(306): Statamic\\Eloquent\\Taxonomies\\TermQueryBuilder->Statamic\\Eloquent\\Taxonomies\\{closure}()
#9 /home/forge/www.blackholerecordings.com/vendor/statamic/cms/src/Support/Blink.php(18): Spatie\\Blink\\Blink->once()
#10 /home/forge/www.blackholerecordings.com/vendor/laravel/framework/src/Illuminate/Support/Facades/Facade.php(355): Statamic\\Support\\Blink->__call()
#11 /home/forge/www.blackholerecordings.com/vendor/statamic/eloquent-driver/src/Taxonomies/TermQueryBuilder.php(222): Illuminate\\Support\\Facades\\Facade::__callStatic()
#12 /home/forge/www.blackholerecordings.com/vendor/laravel/framework/src/Illuminate/Collections/Traits/EnumeratesValues.php(240): Statamic\\Eloquent\\Taxonomies\\TermQueryBuilder->Statamic\\Eloquent\\Taxonomies\\{closure}()
#13 /home/forge/www.blackholerecordings.com/vendor/statamic/eloquent-driver/src/Taxonomies/TermQueryBuilder.php(219): Illuminate\\Support\\Collection->each()
#14 /home/forge/www.blackholerecordings.com/vendor/laravel/framework/src/Illuminate/Database/Eloquent/Builder.php(299): Statamic\\Eloquent\\Taxonomies\\TermQueryBuilder->Statamic\\Eloquent\\Taxonomies\\{closure}()
#15 /home/forge/www.blackholerecordings.com/vendor/statamic/eloquent-driver/src/Taxonomies/TermQueryBuilder.php(214): Illuminate\\Database\\Eloquent\\Builder->where()
#16 /home/forge/www.blackholerecordings.com/vendor/statamic/eloquent-driver/src/Taxonomies/TermQueryBuilder.php(175): Statamic\\Eloquent\\Taxonomies\\TermQueryBuilder->applyCollectionAndTaxonomyWheres()
#17 /home/forge/www.blackholerecordings.com/vendor/statamic/cms/src/Query/OrderedQueryBuilder.php(40): Statamic\\Eloquent\\Taxonomies\\TermQueryBuilder->get()
#18 /home/forge/www.blackholerecordings.com/vendor/statamic/cms/src/Tags/Concerns/GetsQueryResults.php(32): Statamic\\Query\\OrderedQueryBuilder->get()
#19 /home/forge/www.blackholerecordings.com/vendor/statamic/cms/src/Tags/Query.php(35): Statamic\\Tags\\Query->results()
#20 /home/forge/www.blackholerecordings.com/vendor/statamic/cms/src/Tags/Query.php(18): Statamic\\Tags\\Query->evaluate()
#21 [internal function]: Statamic\\Tags\\Query->index()
#22 /home/forge/www.blackholerecordings.com/vendor/statamic/cms/src/View/Antlers/Language/Runtime/NodeProcessor.php(1001): call_user_func()
#23 /home/forge/www.blackholerecordings.com/vendor/statamic/cms/src/View/Antlers/Language/Runtime/PathDataManager.php(484): Statamic\\View\\Antlers\\Language\\Runtime\\NodeProcessor->evaluateDeferredNodeAsTag()
#24 /home/forge/www.blackholerecordings.com/vendor/statamic/cms/src/View/Antlers/Language/Runtime/PathDataManager.php(632): Statamic\\View\\Antlers\\Language\\Runtime\\PathDataManager->checkForValueIntercept()
#25 /home/forge/www.blackholerecordings.com/vendor/statamic/cms/src/View/Antlers/Language/Runtime/Sandbox/Environment.php(1275): Statamic\\View\\Antlers\\Language\\Runtime\\PathDataManager->getData()
#26 /home/forge/www.blackholerecordings.com/vendor/statamic/cms/src/View/Antlers/Language/Runtime/Sandbox/Environment.php(1592): Statamic\\View\\Antlers\\Language\\Runtime\\Sandbox\\Environment->scopeValue()
#27 /home/forge/www.blackholerecordings.com/vendor/statamic/cms/src/View/Antlers/Language/Runtime/Sandbox/Environment.php(948): Statamic\\View\\Antlers\\Language\\Runtime\\Sandbox\\Environment->getValue()
#28 /home/forge/www.blackholerecordings.com/vendor/statamic/cms/src/View/Antlers/Language/Runtime/Sandbox/Environment.php(1569): Statamic\\View\\Antlers\\Language\\Runtime\\Sandbox\\Environment->process()
#29 /home/forge/www.blackholerecordings.com/vendor/statamic/cms/src/View/Antlers/Language/Runtime/Sandbox/Environment.php(948): Statamic\\View\\Antlers\\Language\\Runtime\\Sandbox\\Environment->getValue()
#30 /home/forge/www.blackholerecordings.com/vendor/statamic/cms/src/View/Antlers/Language/Runtime/Sandbox/Environment.php(296): Statamic\\View\\Antlers\\Language\\Runtime\\Sandbox\\Environment->process()
#31 /home/forge/www.blackholerecordings.com/vendor/statamic/cms/src/View/Antlers/Language/Runtime/Sandbox/Environment.php(319): Statamic\\View\\Antlers\\Language\\Runtime\\Sandbox\\Environment->processStatements()
#32 /home/forge/www.blackholerecordings.com/vendor/statamic/cms/src/View/Antlers/Language/Runtime/Sandbox/Environment.php(353): Statamic\\View\\Antlers\\Language\\Runtime\\Sandbox\\Environment->evaluate()
#33 /home/forge/www.blackholerecordings.com/vendor/statamic/cms/src/View/Antlers/Language/Runtime/ConditionProcessor.php(101): Statamic\\View\\Antlers\\Language\\Runtime\\Sandbox\\Environment->evaluateBool()
#34 /home/forge/www.blackholerecordings.com/vendor/statamic/cms/src/View/Antlers/Language/Runtime/NodeProcessor.php(1316): Statamic\\View\\Antlers\\Language\\Runtime\\ConditionProcessor->process()
#35 /home/forge/www.blackholerecordings.com/vendor/statamic/cms/src/View/Antlers/Language/Runtime/NodeProcessor.php(750): Statamic\\View\\Antlers\\Language\\Runtime\\NodeProcessor->reduce()
#36 /home/forge/www.blackholerecordings.com/vendor/statamic/cms/src/View/Antlers/Language/Runtime/RuntimeParser.php(381): Statamic\\View\\Antlers\\Language\\Runtime\\NodeProcessor->render()
#37 /home/forge/www.blackholerecordings.com/vendor/statamic/cms/src/View/Antlers/Language/Runtime/RuntimeParser.php(773): Statamic\\View\\Antlers\\Language\\Runtime\\RuntimeParser->renderText()
#38 /home/forge/www.blackholerecordings.com/vendor/statamic/cms/src/View/Antlers/Engine.php(93): Statamic\\View\\Antlers\\Language\\Runtime\\RuntimeParser->parseView()
#39 /home/forge/www.blackholerecordings.com/vendor/laravel/framework/src/Illuminate/View/View.php(207): Statamic\\View\\Antlers\\Engine->get()
#40 /home/forge/www.blackholerecordings.com/vendor/laravel/framework/src/Illuminate/View/View.php(190): Illuminate\\View\\View->getContents()
#41 /home/forge/www.blackholerecordings.com/vendor/laravel/framework/src/Illuminate/View/View.php(159): Illuminate\\View\\View->renderContents()
#42 /home/forge/www.blackholerecordings.com/vendor/statamic/cms/src/View/View.php(104): Illuminate\\View\\View->render()
#43 /home/forge/www.blackholerecordings.com/vendor/statamic/cms/src/Http/Responses/DataResponse.php(150): Statamic\\View\\View->render()
#44 /home/forge/www.blackholerecordings.com/vendor/statamic/cms/src/Http/Responses/DataResponse.php(42): Statamic\\Http\\Responses\\DataResponse->contents()
#45 /home/forge/www.blackholerecordings.com/vendor/statamic/cms/src/Entries/Entry.php(552): Statamic\\Http\\Responses\\DataResponse->toResponse()
#46 /home/forge/www.blackholerecordings.com/vendor/laravel/framework/src/Illuminate/Routing/Router.php(900): Statamic\\Entries\\Entry->toResponse()
#47 /home/forge/www.blackholerecordings.com/vendor/laravel/framework/src/Illuminate/Routing/Router.php(885): Illuminate\\Routing\\Router::toResponse()
#48 /home/forge/www.blackholerecordings.com/vendor/laravel/framework/src/Illuminate/Routing/Router.php(805): Illuminate\\Routing\\Router->prepareResponse()
#49 /home/forge/www.blackholerecordings.com/vendor/laravel/framework/src/Illuminate/Pipeline/Pipeline.php(144): Illuminate\\Routing\\Router->Illuminate\\Routing\\{closure}()
#50 /home/forge/www.blackholerecordings.com/vendor/statamic/cms/src/StaticCaching/Middleware/Cache.php(78): Illuminate\\Pipeline\\Pipeline->Illuminate\\Pipeline\\{closure}()
#51 /home/forge/www.blackholerecordings.com/vendor/statamic/cms/src/StaticCaching/Middleware/Cache.php(59): Statamic\\StaticCaching\\Middleware\\Cache->handleRequest()
#52 /home/forge/www.blackholerecordings.com/vendor/laravel/framework/src/Illuminate/Cache/Lock.php(127): Statamic\\StaticCaching\\Middleware\\Cache->Statamic\\StaticCaching\\Middleware\\{closure}()
#53 /home/forge/www.blackholerecordings.com/vendor/statamic/cms/src/StaticCaching/Middleware/Cache.php(59): Illuminate\\Cache\\Lock->block()
#54 /home/forge/www.blackholerecordings.com/vendor/laravel/framework/src/Illuminate/Pipeline/Pipeline.php(183): Statamic\\StaticCaching\\Middleware\\Cache->handle()
#55 /home/forge/www.blackholerecordings.com/vendor/statamic/cms/src/Http/Middleware/AuthGuard.php(14): Illuminate\\Pipeline\\Pipeline->Illuminate\\Pipeline\\{closure}()
#56 /home/forge/www.blackholerecordings.com/vendor/laravel/framework/src/Illuminate/Pipeline/Pipeline.php(183): Statamic\\Http\\Middleware\\AuthGuard->handle()
#57 /home/forge/www.blackholerecordings.com/vendor/statamic/cms/src/Http/Middleware/AddViewPaths.php(19): Illuminate\\Pipeline\\Pipeline->Illuminate\\Pipeline\\{closure}()
#58 /home/forge/www.blackholerecordings.com/vendor/laravel/framework/src/Illuminate/Pipeline/Pipeline.php(183): Statamic\\Http\\Middleware\\AddViewPaths->handle()
#59 /home/forge/www.blackholerecordings.com/vendor/statamic/cms/src/Http/Middleware/Localize.php(38): Illuminate\\Pipeline\\Pipeline->Illuminate\\Pipeline\\{closure}()
#60 /home/forge/www.blackholerecordings.com/vendor/laravel/framework/src/Illuminate/Pipeline/Pipeline.php(183): Statamic\\Http\\Middleware\\Localize->handle()
#61 /home/forge/www.blackholerecordings.com/vendor/statamic/cms/src/Http/Middleware/HandleToken.php(13): Illuminate\\Pipeline\\Pipeline->Illuminate\\Pipeline\\{closure}()
#62 /home/forge/www.blackholerecordings.com/vendor/laravel/framework/src/Illuminate/Pipeline/Pipeline.php(183): Statamic\\Http\\Middleware\\HandleToken->handle()
#63 /home/forge/www.blackholerecordings.com/vendor/statamic/cms/src/Http/Middleware/StacheLock.php(29): Illuminate\\Pipeline\\Pipeline->Illuminate\\Pipeline\\{closure}()
#64 /home/forge/www.blackholerecordings.com/vendor/laravel/framework/src/Illuminate/Pipeline/Pipeline.php(183): Statamic\\Http\\Middleware\\StacheLock->handle()
#65 /home/forge/www.blackholerecordings.com/vendor/laravel/framework/src/Illuminate/Routing/Middleware/SubstituteBindings.php(50): Illuminate\\Pipeline\\Pipeline->Illuminate\\Pipeline\\{closure}()
#66 /home/forge/www.blackholerecordings.com/vendor/laravel/framework/src/Illuminate/Pipeline/Pipeline.php(183): Illuminate\\Routing\\Middleware\\SubstituteBindings->handle()
#67 /home/forge/www.blackholerecordings.com/vendor/laravel/framework/src/Illuminate/Foundation/Http/Middleware/VerifyCsrfToken.php(78): Illuminate\\Pipeline\\Pipeline->Illuminate\\Pipeline\\{closure}()
#68 /home/forge/www.blackholerecordings.com/vendor/laravel/framework/src/Illuminate/Pipeline/Pipeline.php(183): Illuminate\\Foundation\\Http\\Middleware\\VerifyCsrfToken->handle()
#69 /home/forge/www.blackholerecordings.com/vendor/laravel/framework/src/Illuminate/View/Middleware/ShareErrorsFromSession.php(49): Illuminate\\Pipeline\\Pipeline->Illuminate\\Pipeline\\{closure}()
#70 /home/forge/www.blackholerecordings.com/vendor/laravel/framework/src/Illuminate/Pipeline/Pipeline.php(183): Illuminate\\View\\Middleware\\ShareErrorsFromSession->handle()
#71 /home/forge/www.blackholerecordings.com/vendor/laravel/framework/src/Illuminate/Session/Middleware/StartSession.php(121): Illuminate\\Pipeline\\Pipeline->Illuminate\\Pipeline\\{closure}()
#72 /home/forge/www.blackholerecordings.com/vendor/laravel/framework/src/Illuminate/Session/Middleware/StartSession.php(64): Illuminate\\Session\\Middleware\\StartSession->handleStatefulRequest()
#73 /home/forge/www.blackholerecordings.com/vendor/laravel/framework/src/Illuminate/Pipeline/Pipeline.php(183): Illuminate\\Session\\Middleware\\StartSession->handle()
#74 /home/forge/www.blackholerecordings.com/vendor/laravel/framework/src/Illuminate/Cookie/Middleware/AddQueuedCookiesToResponse.php(37): Illuminate\\Pipeline\\Pipeline->Illuminate\\Pipeline\\{closure}()
#75 /home/forge/www.blackholerecordings.com/vendor/laravel/framework/src/Illuminate/Pipeline/Pipeline.php(183): Illuminate\\Cookie\\Middleware\\AddQueuedCookiesToResponse->handle()
#76 /home/forge/www.blackholerecordings.com/vendor/laravel/framework/src/Illuminate/Cookie/Middleware/EncryptCookies.php(67): Illuminate\\Pipeline\\Pipeline->Illuminate\\Pipeline\\{closure}()
#77 /home/forge/www.blackholerecordings.com/vendor/laravel/framework/src/Illuminate/Pipeline/Pipeline.php(183): Illuminate\\Cookie\\Middleware\\EncryptCookies->handle()
#78 /home/forge/www.blackholerecordings.com/vendor/laravel/framework/src/Illuminate/Pipeline/Pipeline.php(119): Illuminate\\Pipeline\\Pipeline->Illuminate\\Pipeline\\{closure}()
#79 /home/forge/www.blackholerecordings.com/vendor/laravel/framework/src/Illuminate/Routing/Router.php(805): Illuminate\\Pipeline\\Pipeline->then()
#80 /home/forge/www.blackholerecordings.com/vendor/laravel/framework/src/Illuminate/Routing/Router.php(784): Illuminate\\Routing\\Router->runRouteWithinStack()
#81 /home/forge/www.blackholerecordings.com/vendor/laravel/framework/src/Illuminate/Routing/Router.php(748): Illuminate\\Routing\\Router->runRoute()
#82 /home/forge/www.blackholerecordings.com/vendor/laravel/framework/src/Illuminate/Routing/Router.php(737): Illuminate\\Routing\\Router->dispatchToRoute()
#83 /home/forge/www.blackholerecordings.com/vendor/laravel/framework/src/Illuminate/Foundation/Http/Kernel.php(200): Illuminate\\Routing\\Router->dispatch()
#84 /home/forge/www.blackholerecordings.com/vendor/laravel/framework/src/Illuminate/Pipeline/Pipeline.php(144): Illuminate\\Foundation\\Http\\Kernel->Illuminate\\Foundation\\Http\\{closure}()
#85 /home/forge/www.blackholerecordings.com/vendor/statamic/cms/src/Http/Middleware/StopImpersonating.php(12): Illuminate\\Pipeline\\Pipeline->Illuminate\\Pipeline\\{closure}()
#86 /home/forge/www.blackholerecordings.com/vendor/laravel/framework/src/Illuminate/Pipeline/Pipeline.php(183): Statamic\\Http\\Middleware\\StopImpersonating->handle()
#87 /home/forge/www.blackholerecordings.com/vendor/statamic/cms/src/Http/Middleware/DisableFloc.php(17): Illuminate\\Pipeline\\Pipeline->Illuminate\\Pipeline\\{closure}()
#88 /home/forge/www.blackholerecordings.com/vendor/laravel/framework/src/Illuminate/Pipeline/Pipeline.php(183): Statamic\\Http\\Middleware\\DisableFloc->handle()
#89 /home/forge/www.blackholerecordings.com/vendor/statamic/cms/src/Http/Middleware/CheckMultisite.php(15): Illuminate\\Pipeline\\Pipeline->Illuminate\\Pipeline\\{closure}()
#90 /home/forge/www.blackholerecordings.com/vendor/laravel/framework/src/Illuminate/Pipeline/Pipeline.php(183): Statamic\\Http\\Middleware\\CheckMultisite->handle()
#91 /home/forge/www.blackholerecordings.com/vendor/statamic/cms/src/Http/Middleware/CheckComposerJsonScripts.php(14): Illuminate\\Pipeline\\Pipeline->Illuminate\\Pipeline\\{closure}()
#92 /home/forge/www.blackholerecordings.com/vendor/laravel/framework/src/Illuminate/Pipeline/Pipeline.php(183): Statamic\\Http\\Middleware\\CheckComposerJsonScripts->handle()
#93 /home/forge/www.blackholerecordings.com/vendor/statamic/cms/src/Http/Middleware/PoweredByHeader.php(18): Illuminate\\Pipeline\\Pipeline->Illuminate\\Pipeline\\{closure}()
#94 /home/forge/www.blackholerecordings.com/vendor/laravel/framework/src/Illuminate/Pipeline/Pipeline.php(183): Statamic\\Http\\Middleware\\PoweredByHeader->handle()
#95 /home/forge/www.blackholerecordings.com/vendor/barryvdh/laravel-debugbar/src/Middleware/InjectDebugbar.php(59): Illuminate\\Pipeline\\Pipeline->Illuminate\\Pipeline\\{closure}()
#96 /home/forge/www.blackholerecordings.com/vendor/laravel/framework/src/Illuminate/Pipeline/Pipeline.php(183): Barryvdh\\Debugbar\\Middleware\\InjectDebugbar->handle()
#97 /home/forge/www.blackholerecordings.com/vendor/laravel/framework/src/Illuminate/Foundation/Http/Middleware/TransformsRequest.php(21): Illuminate\\Pipeline\\Pipeline->Illuminate\\Pipeline\\{closure}()
#98 /home/forge/www.blackholerecordings.com/vendor/laravel/framework/src/Illuminate/Foundation/Http/Middleware/ConvertEmptyStringsToNull.php(31): Illuminate\\Foundation\\Http\\Middleware\\TransformsRequest->handle()
#99 /home/forge/www.blackholerecordings.com/vendor/laravel/framework/src/Illuminate/Pipeline/Pipeline.php(183): Illuminate\\Foundation\\Http\\Middleware\\ConvertEmptyStringsToNull->handle()
#100 /home/forge/www.blackholerecordings.com/vendor/laravel/framework/src/Illuminate/Foundation/Http/Middleware/TransformsRequest.php(21): Illuminate\\Pipeline\\Pipeline->Illuminate\\Pipeline\\{closure}()
#101 /home/forge/www.blackholerecordings.com/vendor/laravel/framework/src/Illuminate/Foundation/Http/Middleware/TrimStrings.php(40): Illuminate\\Foundation\\Http\\Middleware\\TransformsRequest->handle()
#102 /home/forge/www.blackholerecordings.com/vendor/laravel/framework/src/Illuminate/Pipeline/Pipeline.php(183): Illuminate\\Foundation\\Http\\Middleware\\TrimStrings->handle()
#103 /home/forge/www.blackholerecordings.com/vendor/laravel/framework/src/Illuminate/Foundation/Http/Middleware/ValidatePostSize.php(27): Illuminate\\Pipeline\\Pipeline->Illuminate\\Pipeline\\{closure}()
#104 /home/forge/www.blackholerecordings.com/vendor/laravel/framework/src/Illuminate/Pipeline/Pipeline.php(183): Illuminate\\Foundation\\Http\\Middleware\\ValidatePostSize->handle()
#105 /home/forge/www.blackholerecordings.com/vendor/laravel/framework/src/Illuminate/Foundation/Http/Middleware/PreventRequestsDuringMaintenance.php(99): Illuminate\\Pipeline\\Pipeline->Illuminate\\Pipeline\\{closure}()
#106 /home/forge/www.blackholerecordings.com/vendor/laravel/framework/src/Illuminate/Pipeline/Pipeline.php(183): Illuminate\\Foundation\\Http\\Middleware\\PreventRequestsDuringMaintenance->handle()
#107 /home/forge/www.blackholerecordings.com/vendor/laravel/framework/src/Illuminate/Http/Middleware/HandleCors.php(49): Illuminate\\Pipeline\\Pipeline->Illuminate\\Pipeline\\{closure}()
#108 /home/forge/www.blackholerecordings.com/vendor/laravel/framework/src/Illuminate/Pipeline/Pipeline.php(183): Illuminate\\Http\\Middleware\\HandleCors->handle()
#109 /home/forge/www.blackholerecordings.com/vendor/laravel/framework/src/Illuminate/Http/Middleware/TrustProxies.php(39): Illuminate\\Pipeline\\Pipeline->Illuminate\\Pipeline\\{closure}()
#110 /home/forge/www.blackholerecordings.com/vendor/laravel/framework/src/Illuminate/Pipeline/Pipeline.php(183): Illuminate\\Http\\Middleware\\TrustProxies->handle()
#111 /home/forge/www.blackholerecordings.com/vendor/laravel/framework/src/Illuminate/Pipeline/Pipeline.php(119): Illuminate\\Pipeline\\Pipeline->Illuminate\\Pipeline\\{closure}()
#112 /home/forge/www.blackholerecordings.com/vendor/laravel/framework/src/Illuminate/Foundation/Http/Kernel.php(175): Illuminate\\Pipeline\\Pipeline->then()
#113 /home/forge/www.blackholerecordings.com/vendor/laravel/framework/src/Illuminate/Foundation/Http/Kernel.php(144): Illuminate\\Foundation\\Http\\Kernel->sendRequestThroughRouter()
#114 /home/forge/www.blackholerecordings.com/public/index.php(51): Illuminate\\Foundation\\Http\\Kernel->handle()
#115 {main}

[previous exception] [object] (PDOException(code: HY000): SQLSTATE[HY000]: General error: 1 Can't create/write to file '/tmp/MY7G180d' (OS errno 24 - Too many open files) at /home/forge/www.blackholerecordings.com/vendor/laravel/framework/src/Illuminate/Database/Connection.php:428)
[stacktrace]
#0 /home/forge/www.blackholerecordings.com/vendor/laravel/framework/src/Illuminate/Database/Connection.php(428): PDOStatement->execute()
#1 /home/forge/www.blackholerecordings.com/vendor/laravel/framework/src/Illuminate/Database/Connection.php(816): Illuminate\\Database\\Connection->Illuminate\\Database\\{closure}()
#2 /home/forge/www.blackholerecordings.com/vendor/laravel/framework/src/Illuminate/Database/Connection.php(783): Illuminate\\Database\\Connection->runQueryCallback()
#3 /home/forge/www.blackholerecordings.com/vendor/laravel/framework/src/Illuminate/Database/Connection.php(414): Illuminate\\Database\\Connection->run()
#4 /home/forge/www.blackholerecordings.com/vendor/laravel/framework/src/Illuminate/Database/Query/Builder.php(2913): Illuminate\\Database\\Connection->select()
#5 /home/forge/www.blackholerecordings.com/vendor/laravel/framework/src/Illuminate/Database/Query/Builder.php(3142): Illuminate\\Database\\Query\\Builder->runSelect()
#6 /home/forge/www.blackholerecordings.com/vendor/laravel/framework/src/Illuminate/Database/Query/Builder.php(3456): Illuminate\\Database\\Query\\Builder->Illuminate\\Database\\Query\\{closure}()
#7 /home/forge/www.blackholerecordings.com/vendor/laravel/framework/src/Illuminate/Database/Query/Builder.php(3138): Illuminate\\Database\\Query\\Builder->onceWithColumns()
#8 /home/forge/www.blackholerecordings.com/vendor/laravel/framework/src/Illuminate/Database/Eloquent/Builder.php(889): Illuminate\\Database\\Query\\Builder->pluck()
#9 /home/forge/www.blackholerecordings.com/vendor/statamic/eloquent-driver/src/Taxonomies/TermQueryBuilder.php(250): Illuminate\\Database\\Eloquent\\Builder->pluck()
#10 /home/forge/www.blackholerecordings.com/vendor/spatie/blink/src/Blink.php(306): Statamic\\Eloquent\\Taxonomies\\TermQueryBuilder->Statamic\\Eloquent\\Taxonomies\\{closure}()
#11 /home/forge/www.blackholerecordings.com/vendor/statamic/cms/src/Support/Blink.php(18): Spatie\\Blink\\Blink->once()
#12 /home/forge/www.blackholerecordings.com/vendor/laravel/framework/src/Illuminate/Support/Facades/Facade.php(355): Statamic\\Support\\Blink->__call()
#13 /home/forge/www.blackholerecordings.com/vendor/statamic/eloquent-driver/src/Taxonomies/TermQueryBuilder.php(222): Illuminate\\Support\\Facades\\Facade::__callStatic()
#14 /home/forge/www.blackholerecordings.com/vendor/laravel/framework/src/Illuminate/Collections/Traits/EnumeratesValues.php(240): Statamic\\Eloquent\\Taxonomies\\TermQueryBuilder->Statamic\\Eloquent\\Taxonomies\\{closure}()
#15 /home/forge/www.blackholerecordings.com/vendor/statamic/eloquent-driver/src/Taxonomies/TermQueryBuilder.php(219): Illuminate\\Support\\Collection->each()
#16 /home/forge/www.blackholerecordings.com/vendor/laravel/framework/src/Illuminate/Database/Eloquent/Builder.php(299): Statamic\\Eloquent\\Taxonomies\\TermQueryBuilder->Statamic\\Eloquent\\Taxonomies\\{closure}()
#17 /home/forge/www.blackholerecordings.com/vendor/statamic/eloquent-driver/src/Taxonomies/TermQueryBuilder.php(214): Illuminate\\Database\\Eloquent\\Builder->where()
#18 /home/forge/www.blackholerecordings.com/vendor/statamic/eloquent-driver/src/Taxonomies/TermQueryBuilder.php(175): Statamic\\Eloquent\\Taxonomies\\TermQueryBuilder->applyCollectionAndTaxonomyWheres()
#19 /home/forge/www.blackholerecordings.com/vendor/statamic/cms/src/Query/OrderedQueryBuilder.php(40): Statamic\\Eloquent\\Taxonomies\\TermQueryBuilder->get()
#20 /home/forge/www.blackholerecordings.com/vendor/statamic/cms/src/Tags/Concerns/GetsQueryResults.php(32): Statamic\\Query\\OrderedQueryBuilder->get()
#21 /home/forge/www.blackholerecordings.com/vendor/statamic/cms/src/Tags/Query.php(35): Statamic\\Tags\\Query->results()
#22 /home/forge/www.blackholerecordings.com/vendor/statamic/cms/src/Tags/Query.php(18): Statamic\\Tags\\Query->evaluate()
#23 [internal function]: Statamic\\Tags\\Query->index()
#24 /home/forge/www.blackholerecordings.com/vendor/statamic/cms/src/View/Antlers/Language/Runtime/NodeProcessor.php(1001): call_user_func()
#25 /home/forge/www.blackholerecordings.com/vendor/statamic/cms/src/View/Antlers/Language/Runtime/PathDataManager.php(484): Statamic\\View\\Antlers\\Language\\Runtime\\NodeProcessor->evaluateDeferredNodeAsTag()
#26 /home/forge/www.blackholerecordings.com/vendor/statamic/cms/src/View/Antlers/Language/Runtime/PathDataManager.php(632): Statamic\\View\\Antlers\\Language\\Runtime\\PathDataManager->checkForValueIntercept()
#27 /home/forge/www.blackholerecordings.com/vendor/statamic/cms/src/View/Antlers/Language/Runtime/Sandbox/Environment.php(1275): Statamic\\View\\Antlers\\Language\\Runtime\\PathDataManager->getData()
#28 /home/forge/www.blackholerecordings.com/vendor/statamic/cms/src/View/Antlers/Language/Runtime/Sandbox/Environment.php(1592): Statamic\\View\\Antlers\\Language\\Runtime\\Sandbox\\Environment->scopeValue()
#29 /home/forge/www.blackholerecordings.com/vendor/statamic/cms/src/View/Antlers/Language/Runtime/Sandbox/Environment.php(948): Statamic\\View\\Antlers\\Language\\Runtime\\Sandbox\\Environment->getValue()
#30 /home/forge/www.blackholerecordings.com/vendor/statamic/cms/src/View/Antlers/Language/Runtime/Sandbox/Environment.php(1569): Statamic\\View\\Antlers\\Language\\Runtime\\Sandbox\\Environment->process()
#31 /home/forge/www.blackholerecordings.com/vendor/statamic/cms/src/View/Antlers/Language/Runtime/Sandbox/Environment.php(948): Statamic\\View\\Antlers\\Language\\Runtime\\Sandbox\\Environment->getValue()
#32 /home/forge/www.blackholerecordings.com/vendor/statamic/cms/src/View/Antlers/Language/Runtime/Sandbox/Environment.php(296): Statamic\\View\\Antlers\\Language\\Runtime\\Sandbox\\Environment->process()
#33 /home/forge/www.blackholerecordings.com/vendor/statamic/cms/src/View/Antlers/Language/Runtime/Sandbox/Environment.php(319): Statamic\\View\\Antlers\\Language\\Runtime\\Sandbox\\Environment->processStatements()
#34 /home/forge/www.blackholerecordings.com/vendor/statamic/cms/src/View/Antlers/Language/Runtime/Sandbox/Environment.php(353): Statamic\\View\\Antlers\\Language\\Runtime\\Sandbox\\Environment->evaluate()
#35 /home/forge/www.blackholerecordings.com/vendor/statamic/cms/src/View/Antlers/Language/Runtime/ConditionProcessor.php(101): Statamic\\View\\Antlers\\Language\\Runtime\\Sandbox\\Environment->evaluateBool()
#36 /home/forge/www.blackholerecordings.com/vendor/statamic/cms/src/View/Antlers/Language/Runtime/NodeProcessor.php(1316): Statamic\\View\\Antlers\\Language\\Runtime\\ConditionProcessor->process()
#37 /home/forge/www.blackholerecordings.com/vendor/statamic/cms/src/View/Antlers/Language/Runtime/NodeProcessor.php(750): Statamic\\View\\Antlers\\Language\\Runtime\\NodeProcessor->reduce()
#38 /home/forge/www.blackholerecordings.com/vendor/statamic/cms/src/View/Antlers/Language/Runtime/RuntimeParser.php(381): Statamic\\View\\Antlers\\Language\\Runtime\\NodeProcessor->render()
#39 /home/forge/www.blackholerecordings.com/vendor/statamic/cms/src/View/Antlers/Language/Runtime/RuntimeParser.php(773): Statamic\\View\\Antlers\\Language\\Runtime\\RuntimeParser->renderText()
#40 /home/forge/www.blackholerecordings.com/vendor/statamic/cms/src/View/Antlers/Engine.php(93): Statamic\\View\\Antlers\\Language\\Runtime\\RuntimeParser->parseView()
#41 /home/forge/www.blackholerecordings.com/vendor/laravel/framework/src/Illuminate/View/View.php(207): Statamic\\View\\Antlers\\Engine->get()
#42 /home/forge/www.blackholerecordings.com/vendor/laravel/framework/src/Illuminate/View/View.php(190): Illuminate\\View\\View->getContents()
#43 /home/forge/www.blackholerecordings.com/vendor/laravel/framework/src/Illuminate/View/View.php(159): Illuminate\\View\\View->renderContents()
#44 /home/forge/www.blackholerecordings.com/vendor/statamic/cms/src/View/View.php(104): Illuminate\\View\\View->render()
#45 /home/forge/www.blackholerecordings.com/vendor/statamic/cms/src/Http/Responses/DataResponse.php(150): Statamic\\View\\View->render()
#46 /home/forge/www.blackholerecordings.com/vendor/statamic/cms/src/Http/Responses/DataResponse.php(42): Statamic\\Http\\Responses\\DataResponse->contents()
#47 /home/forge/www.blackholerecordings.com/vendor/statamic/cms/src/Entries/Entry.php(552): Statamic\\Http\\Responses\\DataResponse->toResponse()
#48 /home/forge/www.blackholerecordings.com/vendor/laravel/framework/src/Illuminate/Routing/Router.php(900): Statamic\\Entries\\Entry->toResponse()
#49 /home/forge/www.blackholerecordings.com/vendor/laravel/framework/src/Illuminate/Routing/Router.php(885): Illuminate\\Routing\\Router::toResponse()
#50 /home/forge/www.blackholerecordings.com/vendor/laravel/framework/src/Illuminate/Routing/Router.php(805): Illuminate\\Routing\\Router->prepareResponse()
#51 /home/forge/www.blackholerecordings.com/vendor/laravel/framework/src/Illuminate/Pipeline/Pipeline.php(144): Illuminate\\Routing\\Router->Illuminate\\Routing\\{closure}()
#52 /home/forge/www.blackholerecordings.com/vendor/statamic/cms/src/StaticCaching/Middleware/Cache.php(78): Illuminate\\Pipeline\\Pipeline->Illuminate\\Pipeline\\{closure}()
#53 /home/forge/www.blackholerecordings.com/vendor/statamic/cms/src/StaticCaching/Middleware/Cache.php(59): Statamic\\StaticCaching\\Middleware\\Cache->handleRequest()
#54 /home/forge/www.blackholerecordings.com/vendor/laravel/framework/src/Illuminate/Cache/Lock.php(127): Statamic\\StaticCaching\\Middleware\\Cache->Statamic\\StaticCaching\\Middleware\\{closure}()
#55 /home/forge/www.blackholerecordings.com/vendor/statamic/cms/src/StaticCaching/Middleware/Cache.php(59): Illuminate\\Cache\\Lock->block()
#56 /home/forge/www.blackholerecordings.com/vendor/laravel/framework/src/Illuminate/Pipeline/Pipeline.php(183): Statamic\\StaticCaching\\Middleware\\Cache->handle()
#57 /home/forge/www.blackholerecordings.com/vendor/statamic/cms/src/Http/Middleware/AuthGuard.php(14): Illuminate\\Pipeline\\Pipeline->Illuminate\\Pipeline\\{closure}()
#58 /home/forge/www.blackholerecordings.com/vendor/laravel/framework/src/Illuminate/Pipeline/Pipeline.php(183): Statamic\\Http\\Middleware\\AuthGuard->handle()
#59 /home/forge/www.blackholerecordings.com/vendor/statamic/cms/src/Http/Middleware/AddViewPaths.php(19): Illuminate\\Pipeline\\Pipeline->Illuminate\\Pipeline\\{closure}()
#60 /home/forge/www.blackholerecordings.com/vendor/laravel/framework/src/Illuminate/Pipeline/Pipeline.php(183): Statamic\\Http\\Middleware\\AddViewPaths->handle()
#61 /home/forge/www.blackholerecordings.com/vendor/statamic/cms/src/Http/Middleware/Localize.php(38): Illuminate\\Pipeline\\Pipeline->Illuminate\\Pipeline\\{closure}()
#62 /home/forge/www.blackholerecordings.com/vendor/laravel/framework/src/Illuminate/Pipeline/Pipeline.php(183): Statamic\\Http\\Middleware\\Localize->handle()
#63 /home/forge/www.blackholerecordings.com/vendor/statamic/cms/src/Http/Middleware/HandleToken.php(13): Illuminate\\Pipeline\\Pipeline->Illuminate\\Pipeline\\{closure}()
#64 /home/forge/www.blackholerecordings.com/vendor/laravel/framework/src/Illuminate/Pipeline/Pipeline.php(183): Statamic\\Http\\Middleware\\HandleToken->handle()
#65 /home/forge/www.blackholerecordings.com/vendor/statamic/cms/src/Http/Middleware/StacheLock.php(29): Illuminate\\Pipeline\\Pipeline->Illuminate\\Pipeline\\{closure}()
#66 /home/forge/www.blackholerecordings.com/vendor/laravel/framework/src/Illuminate/Pipeline/Pipeline.php(183): Statamic\\Http\\Middleware\\StacheLock->handle()
#67 /home/forge/www.blackholerecordings.com/vendor/laravel/framework/src/Illuminate/Routing/Middleware/SubstituteBindings.php(50): Illuminate\\Pipeline\\Pipeline->Illuminate\\Pipeline\\{closure}()
#68 /home/forge/www.blackholerecordings.com/vendor/laravel/framework/src/Illuminate/Pipeline/Pipeline.php(183): Illuminate\\Routing\\Middleware\\SubstituteBindings->handle()
#69 /home/forge/www.blackholerecordings.com/vendor/laravel/framework/src/Illuminate/Foundation/Http/Middleware/VerifyCsrfToken.php(78): Illuminate\\Pipeline\\Pipeline->Illuminate\\Pipeline\\{closure}()
#70 /home/forge/www.blackholerecordings.com/vendor/laravel/framework/src/Illuminate/Pipeline/Pipeline.php(183): Illuminate\\Foundation\\Http\\Middleware\\VerifyCsrfToken->handle()
#71 /home/forge/www.blackholerecordings.com/vendor/laravel/framework/src/Illuminate/View/Middleware/ShareErrorsFromSession.php(49): Illuminate\\Pipeline\\Pipeline->Illuminate\\Pipeline\\{closure}()
#72 /home/forge/www.blackholerecordings.com/vendor/laravel/framework/src/Illuminate/Pipeline/Pipeline.php(183): Illuminate\\View\\Middleware\\ShareErrorsFromSession->handle()
#73 /home/forge/www.blackholerecordings.com/vendor/laravel/framework/src/Illuminate/Session/Middleware/StartSession.php(121): Illuminate\\Pipeline\\Pipeline->Illuminate\\Pipeline\\{closure}()
#74 /home/forge/www.blackholerecordings.com/vendor/laravel/framework/src/Illuminate/Session/Middleware/StartSession.php(64): Illuminate\\Session\\Middleware\\StartSession->handleStatefulRequest()
#75 /home/forge/www.blackholerecordings.com/vendor/laravel/framework/src/Illuminate/Pipeline/Pipeline.php(183): Illuminate\\Session\\Middleware\\StartSession->handle()
#76 /home/forge/www.blackholerecordings.com/vendor/laravel/framework/src/Illuminate/Cookie/Middleware/AddQueuedCookiesToResponse.php(37): Illuminate\\Pipeline\\Pipeline->Illuminate\\Pipeline\\{closure}()
#77 /home/forge/www.blackholerecordings.com/vendor/laravel/framework/src/Illuminate/Pipeline/Pipeline.php(183): Illuminate\\Cookie\\Middleware\\AddQueuedCookiesToResponse->handle()
#78 /home/forge/www.blackholerecordings.com/vendor/laravel/framework/src/Illuminate/Cookie/Middleware/EncryptCookies.php(67): Illuminate\\Pipeline\\Pipeline->Illuminate\\Pipeline\\{closure}()
#79 /home/forge/www.blackholerecordings.com/vendor/laravel/framework/src/Illuminate/Pipeline/Pipeline.php(183): Illuminate\\Cookie\\Middleware\\EncryptCookies->handle()
#80 /home/forge/www.blackholerecordings.com/vendor/laravel/framework/src/Illuminate/Pipeline/Pipeline.php(119): Illuminate\\Pipeline\\Pipeline->Illuminate\\Pipeline\\{closure}()
#81 /home/forge/www.blackholerecordings.com/vendor/laravel/framework/src/Illuminate/Routing/Router.php(805): Illuminate\\Pipeline\\Pipeline->then()
#82 /home/forge/www.blackholerecordings.com/vendor/laravel/framework/src/Illuminate/Routing/Router.php(784): Illuminate\\Routing\\Router->runRouteWithinStack()
#83 /home/forge/www.blackholerecordings.com/vendor/laravel/framework/src/Illuminate/Routing/Router.php(748): Illuminate\\Routing\\Router->runRoute()
#84 /home/forge/www.blackholerecordings.com/vendor/laravel/framework/src/Illuminate/Routing/Router.php(737): Illuminate\\Routing\\Router->dispatchToRoute()
#85 /home/forge/www.blackholerecordings.com/vendor/laravel/framework/src/Illuminate/Foundation/Http/Kernel.php(200): Illuminate\\Routing\\Router->dispatch()
#86 /home/forge/www.blackholerecordings.com/vendor/laravel/framework/src/Illuminate/Pipeline/Pipeline.php(144): Illuminate\\Foundation\\Http\\Kernel->Illuminate\\Foundation\\Http\\{closure}()
#87 /home/forge/www.blackholerecordings.com/vendor/statamic/cms/src/Http/Middleware/StopImpersonating.php(12): Illuminate\\Pipeline\\Pipeline->Illuminate\\Pipeline\\{closure}()
#88 /home/forge/www.blackholerecordings.com/vendor/laravel/framework/src/Illuminate/Pipeline/Pipeline.php(183): Statamic\\Http\\Middleware\\StopImpersonating->handle()
#89 /home/forge/www.blackholerecordings.com/vendor/statamic/cms/src/Http/Middleware/DisableFloc.php(17): Illuminate\\Pipeline\\Pipeline->Illuminate\\Pipeline\\{closure}()
#90 /home/forge/www.blackholerecordings.com/vendor/laravel/framework/src/Illuminate/Pipeline/Pipeline.php(183): Statamic\\Http\\Middleware\\DisableFloc->handle()
#91 /home/forge/www.blackholerecordings.com/vendor/statamic/cms/src/Http/Middleware/CheckMultisite.php(15): Illuminate\\Pipeline\\Pipeline->Illuminate\\Pipeline\\{closure}()
#92 /home/forge/www.blackholerecordings.com/vendor/laravel/framework/src/Illuminate/Pipeline/Pipeline.php(183): Statamic\\Http\\Middleware\\CheckMultisite->handle()
#93 /home/forge/www.blackholerecordings.com/vendor/statamic/cms/src/Http/Middleware/CheckComposerJsonScripts.php(14): Illuminate\\Pipeline\\Pipeline->Illuminate\\Pipeline\\{closure}()
#94 /home/forge/www.blackholerecordings.com/vendor/laravel/framework/src/Illuminate/Pipeline/Pipeline.php(183): Statamic\\Http\\Middleware\\CheckComposerJsonScripts->handle()
#95 /home/forge/www.blackholerecordings.com/vendor/statamic/cms/src/Http/Middleware/PoweredByHeader.php(18): Illuminate\\Pipeline\\Pipeline->Illuminate\\Pipeline\\{closure}()
#96 /home/forge/www.blackholerecordings.com/vendor/laravel/framework/src/Illuminate/Pipeline/Pipeline.php(183): Statamic\\Http\\Middleware\\PoweredByHeader->handle()
#97 /home/forge/www.blackholerecordings.com/vendor/barryvdh/laravel-debugbar/src/Middleware/InjectDebugbar.php(59): Illuminate\\Pipeline\\Pipeline->Illuminate\\Pipeline\\{closure}()
#98 /home/forge/www.blackholerecordings.com/vendor/laravel/framework/src/Illuminate/Pipeline/Pipeline.php(183): Barryvdh\\Debugbar\\Middleware\\InjectDebugbar->handle()
#99 /home/forge/www.blackholerecordings.com/vendor/laravel/framework/src/Illuminate/Foundation/Http/Middleware/TransformsRequest.php(21): Illuminate\\Pipeline\\Pipeline->Illuminate\\Pipeline\\{closure}()
#100 /home/forge/www.blackholerecordings.com/vendor/laravel/framework/src/Illuminate/Foundation/Http/Middleware/ConvertEmptyStringsToNull.php(31): Illuminate\\Foundation\\Http\\Middleware\\TransformsRequest->handle()
#101 /home/forge/www.blackholerecordings.com/vendor/laravel/framework/src/Illuminate/Pipeline/Pipeline.php(183): Illuminate\\Foundation\\Http\\Middleware\\ConvertEmptyStringsToNull->handle()
#102 /home/forge/www.blackholerecordings.com/vendor/laravel/framework/src/Illuminate/Foundation/Http/Middleware/TransformsRequest.php(21): Illuminate\\Pipeline\\Pipeline->Illuminate\\Pipeline\\{closure}()
#103 /home/forge/www.blackholerecordings.com/vendor/laravel/framework/src/Illuminate/Foundation/Http/Middleware/TrimStrings.php(40): Illuminate\\Foundation\\Http\\Middleware\\TransformsRequest->handle()
#104 /home/forge/www.blackholerecordings.com/vendor/laravel/framework/src/Illuminate/Pipeline/Pipeline.php(183): Illuminate\\Foundation\\Http\\Middleware\\TrimStrings->handle()
#105 /home/forge/www.blackholerecordings.com/vendor/laravel/framework/src/Illuminate/Foundation/Http/Middleware/ValidatePostSize.php(27): Illuminate\\Pipeline\\Pipeline->Illuminate\\Pipeline\\{closure}()
#106 /home/forge/www.blackholerecordings.com/vendor/laravel/framework/src/Illuminate/Pipeline/Pipeline.php(183): Illuminate\\Foundation\\Http\\Middleware\\ValidatePostSize->handle()
#107 /home/forge/www.blackholerecordings.com/vendor/laravel/framework/src/Illuminate/Foundation/Http/Middleware/PreventRequestsDuringMaintenance.php(99): Illuminate\\Pipeline\\Pipeline->Illuminate\\Pipeline\\{closure}()
#108 /home/forge/www.blackholerecordings.com/vendor/laravel/framework/src/Illuminate/Pipeline/Pipeline.php(183): Illuminate\\Foundation\\Http\\Middleware\\PreventRequestsDuringMaintenance->handle()
#109 /home/forge/www.blackholerecordings.com/vendor/laravel/framework/src/Illuminate/Http/Middleware/HandleCors.php(49): Illuminate\\Pipeline\\Pipeline->Illuminate\\Pipeline\\{closure}()
#110 /home/forge/www.blackholerecordings.com/vendor/laravel/framework/src/Illuminate/Pipeline/Pipeline.php(183): Illuminate\\Http\\Middleware\\HandleCors->handle()
#111 /home/forge/www.blackholerecordings.com/vendor/laravel/framework/src/Illuminate/Http/Middleware/TrustProxies.php(39): Illuminate\\Pipeline\\Pipeline->Illuminate\\Pipeline\\{closure}()
#112 /home/forge/www.blackholerecordings.com/vendor/laravel/framework/src/Illuminate/Pipeline/Pipeline.php(183): Illuminate\\Http\\Middleware\\TrustProxies->handle()
#113 /home/forge/www.blackholerecordings.com/vendor/laravel/framework/src/Illuminate/Pipeline/Pipeline.php(119): Illuminate\\Pipeline\\Pipeline->Illuminate\\Pipeline\\{closure}()
#114 /home/forge/www.blackholerecordings.com/vendor/laravel/framework/src/Illuminate/Foundation/Http/Kernel.php(175): Illuminate\\Pipeline\\Pipeline->then()
#115 /home/forge/www.blackholerecordings.com/vendor/laravel/framework/src/Illuminate/Foundation/Http/Kernel.php(144): Illuminate\\Foundation\\Http\\Kernel->sendRequestThroughRouter()
#116 /home/forge/www.blackholerecordings.com/public/index.php(51): Illuminate\\Foundation\\Http\\Kernel->handle()
#117 {main}
"} 